{"type":"operationStart","subtype":"profile","data":{"_id":"OhbLH6bPVtouYzTm","timestamp":"2025-12-02T17:01:54.661Z","state":"queued","mode":"standard","creationDate":"2025-12-02T17:01:54.663Z","modificationDate":"2025-12-02T17:01:54.663Z","shortid":"sVLBFEH","$entitySet":"profiles"},"doDiffs":false,"timestamp":1764694914662,"id":"taoiopb5jquosfp","previousOperationId":null,"operationId":"5hjrro4i5onjx5f"}
{"type":"log","level":"info","message":"Render request 9 queued for execution and waiting for available worker","previousOperationId":"5hjrro4i5onjx5f","timestamp":1764694914662,"id":"4o9c8qhxk6uextc"}
{"type":"operationStart","subtype":"render","name":"header","previousOperationId":"5hjrro4i5onjx5f","timestamp":1764694914671,"id":"xf0zahqkicsy3pl","previousEventId":"taoiopb5jquosfp","operationId":"j65h1466dtnbr0v"}
{"type":"log","timestamp":1764694914671,"level":"info","message":"Starting rendering request 9","meta":{"rootId":"gct4x5fv35fblqa","id":"gct4x5fv35fblqa"},"id":"3436w2d7444smi2","previousOperationId":"j65h1466dtnbr0v"}
{"type":"log","timestamp":1764694914671,"level":"info","message":"Rendering template { name: header, recipe: chrome-pdf, engine: handlebars, preview: true }","meta":{"rootId":"gct4x5fv35fblqa","id":"gct4x5fv35fblqa"},"id":"qol6r3n3tbav3ip","previousOperationId":"j65h1466dtnbr0v"}
{"type":"log","timestamp":1764694914671,"level":"debug","message":"Data item not defined for this template.","meta":{"rootId":"gct4x5fv35fblqa","id":"gct4x5fv35fblqa"},"id":"ggtttqpplo7tas7","previousOperationId":"j65h1466dtnbr0v"}
{"type":"log","timestamp":1764694914672,"level":"debug","message":"Base url not specified, skipping its injection.","meta":{"rootId":"gct4x5fv35fblqa","id":"gct4x5fv35fblqa"},"id":"kd0i3gqkyerhodi","previousOperationId":"j65h1466dtnbr0v"}
{"type":"operationStart","subtype":"engine","name":"handlebars","timestamp":1764694914672,"id":"oxx9dqjio21vyqb","previousEventId":"xf0zahqkicsy3pl","operationId":"vw4yu33qn3sq82r","previousOperationId":"j65h1466dtnbr0v"}
{"type":"log","timestamp":1764694914672,"level":"debug","message":"Rendering engine handlebars","meta":{"rootId":"gct4x5fv35fblqa","id":"gct4x5fv35fblqa"},"id":"1zhtlr496z8p92s","previousOperationId":"vw4yu33qn3sq82r"}
{"type":"operationEnd","operationId":"vw4yu33qn3sq82r","timestamp":1764694914680,"id":"qlmp2ny99y89oua","previousEventId":"oxx9dqjio21vyqb","previousOperationId":"vw4yu33qn3sq82r"}
{"type":"operationStart","subtype":"recipe","name":"chrome-pdf","timestamp":1764694914680,"id":"ildqzgekzz6ij6k","previousEventId":"qlmp2ny99y89oua","operationId":"vmu6jj4ck4rxjes","previousOperationId":"vw4yu33qn3sq82r"}
{"type":"log","timestamp":1764694914680,"level":"debug","message":"Executing recipe chrome-pdf","meta":{"rootId":"gct4x5fv35fblqa","id":"gct4x5fv35fblqa"},"id":"xmyy0ux9taiwo5h","previousOperationId":"vmu6jj4ck4rxjes"}
{"type":"log","timestamp":1764694914682,"level":"debug","message":"Converting with chrome Chrome/138.0.7204.168 using chrome-pool strategy","meta":{"rootId":"gct4x5fv35fblqa","id":"gct4x5fv35fblqa"},"id":"q5ldkc2fa29yvya","previousOperationId":"vmu6jj4ck4rxjes"}
{"type":"log","timestamp":1764694914747,"level":"debug","message":"Page request: GET (document) file:///C:/Users/siste/AppData/Local/Temp/jsreport/autocleanup/95d024c2-070d-4ad7-bcb7-afa8946be588-chrome-pdf.html","meta":{"rootId":"gct4x5fv35fblqa","id":"gct4x5fv35fblqa"},"id":"no7166mqmyrshml","previousOperationId":"vmu6jj4ck4rxjes"}
{"type":"log","timestamp":1764694914771,"level":"debug","message":"Page request finished: GET (document) 200 file:///C:/Users/siste/AppData/Local/Temp/jsreport/autocleanup/95d024c2-070d-4ad7-bcb7-afa8946be588-chrome-pdf.html","meta":{"rootId":"gct4x5fv35fblqa","id":"gct4x5fv35fblqa"},"id":"0zaa3u1lqzp9lrq","previousOperationId":"vmu6jj4ck4rxjes"}
{"type":"log","timestamp":1764694914772,"level":"debug","message":"Running chrome with params {\"timeout\":59980,\"margin\":{},\"printBackground\":true}","meta":{"rootId":"gct4x5fv35fblqa","id":"gct4x5fv35fblqa"},"id":"oi9a5u4gi2z20hp","previousOperationId":"vmu6jj4ck4rxjes"}
{"type":"operationEnd","operationId":"vmu6jj4ck4rxjes","timestamp":1764694914853,"id":"rqmb4u1snkq9th9","previousEventId":"ildqzgekzz6ij6k","previousOperationId":"vmu6jj4ck4rxjes"}
{"type":"log","timestamp":1764694914853,"level":"debug","message":"Skipping storing report.","meta":{"rootId":"gct4x5fv35fblqa","id":"gct4x5fv35fblqa"},"id":"g9l4my0ov75o6hb","previousOperationId":"vmu6jj4ck4rxjes"}
{"type":"log","timestamp":1764694914853,"level":"info","message":"Rendering request 9 finished in 192 ms","meta":{"rootId":"gct4x5fv35fblqa","id":"gct4x5fv35fblqa"},"id":"1bosadynd390r8u","previousOperationId":"vmu6jj4ck4rxjes"}
{"type":"operationEnd","subtype":"render","operationId":"j65h1466dtnbr0v","timestamp":1764694914853,"id":"pseyz5f7gk4fyga","previousEventId":"rqmb4u1snkq9th9","previousOperationId":"vmu6jj4ck4rxjes"}
{"type":"operationEnd","doDiffs":false,"previousEventId":"taoiopb5jquosfp","previousOperationId":"5hjrro4i5onjx5f","operationId":"5hjrro4i5onjx5f","timestamp":1764694914856,"id":"5qz6hay3ikcrvf0"}
