{"type":"operationStart","subtype":"profile","data":{"_id":"lLLsXDzVjSEBC8RM","timestamp":"2025-12-02T17:04:07.447Z","state":"queued","mode":"standard","creationDate":"2025-12-02T17:04:07.449Z","modificationDate":"2025-12-02T17:04:07.449Z","shortid":"eXQn4zp","$entitySet":"profiles"},"doDiffs":false,"timestamp":1764695047448,"id":"xx8tc2yj3jm9w4r","previousOperationId":null,"operationId":"bco5ve44v370axi"}
{"type":"log","level":"info","message":"Render request 11 queued for execution and waiting for available worker","previousOperationId":"bco5ve44v370axi","timestamp":1764695047449,"id":"5hxrz0031wnlm3m"}
{"type":"operationStart","subtype":"render","name":"header","previousOperationId":"bco5ve44v370axi","timestamp":1764695047457,"id":"cxruv4bo2ek3puu","previousEventId":"xx8tc2yj3jm9w4r","operationId":"gr3wr0vw0mkji1p"}
{"type":"log","timestamp":1764695047457,"level":"info","message":"Starting rendering request 11","meta":{"rootId":"mwygyvg1yywjj3z","id":"mwygyvg1yywjj3z"},"id":"7j15een45mntvnl","previousOperationId":"gr3wr0vw0mkji1p"}
{"type":"log","timestamp":1764695047457,"level":"info","message":"Rendering template { name: header, recipe: chrome-pdf, engine: handlebars, preview: true }","meta":{"rootId":"mwygyvg1yywjj3z","id":"mwygyvg1yywjj3z"},"id":"kuumxw3952xf1z6","previousOperationId":"gr3wr0vw0mkji1p"}
{"type":"log","timestamp":1764695047457,"level":"debug","message":"Data item not defined for this template.","meta":{"rootId":"mwygyvg1yywjj3z","id":"mwygyvg1yywjj3z"},"id":"z94udh4nynpvmp0","previousOperationId":"gr3wr0vw0mkji1p"}
{"type":"log","timestamp":1764695047458,"level":"debug","message":"Base url not specified, skipping its injection.","meta":{"rootId":"mwygyvg1yywjj3z","id":"mwygyvg1yywjj3z"},"id":"wpip8ekxofs57ih","previousOperationId":"gr3wr0vw0mkji1p"}
{"type":"operationStart","subtype":"engine","name":"handlebars","timestamp":1764695047458,"id":"uxluyy4ef2jqoll","previousEventId":"cxruv4bo2ek3puu","operationId":"330ewq42pv3r7v2","previousOperationId":"gr3wr0vw0mkji1p"}
{"type":"log","timestamp":1764695047458,"level":"debug","message":"Rendering engine handlebars","meta":{"rootId":"mwygyvg1yywjj3z","id":"mwygyvg1yywjj3z"},"id":"1tlzktnamgq4w4l","previousOperationId":"330ewq42pv3r7v2"}
{"type":"operationEnd","operationId":"330ewq42pv3r7v2","timestamp":1764695047468,"id":"vmgum1cco9bvzoo","previousEventId":"uxluyy4ef2jqoll","previousOperationId":"330ewq42pv3r7v2"}
{"type":"operationStart","subtype":"recipe","name":"chrome-pdf","timestamp":1764695047468,"id":"va1x955bu6kpvae","previousEventId":"vmgum1cco9bvzoo","operationId":"ow6vkaaw4xsvppv","previousOperationId":"330ewq42pv3r7v2"}
{"type":"log","timestamp":1764695047468,"level":"debug","message":"Executing recipe chrome-pdf","meta":{"rootId":"mwygyvg1yywjj3z","id":"mwygyvg1yywjj3z"},"id":"xralthl94t11v5o","previousOperationId":"ow6vkaaw4xsvppv"}
{"type":"log","timestamp":1764695047471,"level":"debug","message":"Converting with chrome Chrome/138.0.7204.168 using chrome-pool strategy","meta":{"rootId":"mwygyvg1yywjj3z","id":"mwygyvg1yywjj3z"},"id":"4d7v1c4ldd6pqeb","previousOperationId":"ow6vkaaw4xsvppv"}
{"type":"log","timestamp":1764695047550,"level":"debug","message":"Page request: GET (document) file:///C:/Users/siste/AppData/Local/Temp/jsreport/autocleanup/89b449b2-2b25-4295-90f6-77e7004ce511-chrome-pdf.html","meta":{"rootId":"mwygyvg1yywjj3z","id":"mwygyvg1yywjj3z"},"id":"slzaws8bugisd8n","previousOperationId":"ow6vkaaw4xsvppv"}
{"type":"log","timestamp":1764695047576,"level":"debug","message":"Page request finished: GET (document) 200 file:///C:/Users/siste/AppData/Local/Temp/jsreport/autocleanup/89b449b2-2b25-4295-90f6-77e7004ce511-chrome-pdf.html","meta":{"rootId":"mwygyvg1yywjj3z","id":"mwygyvg1yywjj3z"},"id":"uudblwpa1imanxz","previousOperationId":"ow6vkaaw4xsvppv"}
{"type":"log","timestamp":1764695047579,"level":"debug","message":"Running chrome with params {\"timeout\":59978,\"margin\":{},\"printBackground\":true}","meta":{"rootId":"mwygyvg1yywjj3z","id":"mwygyvg1yywjj3z"},"id":"fh11cckmnrsidgh","previousOperationId":"ow6vkaaw4xsvppv"}
{"type":"operationEnd","operationId":"ow6vkaaw4xsvppv","timestamp":1764695047665,"id":"xxmoh470lp5ctvk","previousEventId":"va1x955bu6kpvae","previousOperationId":"ow6vkaaw4xsvppv"}
{"type":"log","timestamp":1764695047665,"level":"debug","message":"Skipping storing report.","meta":{"rootId":"mwygyvg1yywjj3z","id":"mwygyvg1yywjj3z"},"id":"41ggf7y3vs8az91","previousOperationId":"ow6vkaaw4xsvppv"}
{"type":"log","timestamp":1764695047665,"level":"info","message":"Rendering request 11 finished in 218 ms","meta":{"rootId":"mwygyvg1yywjj3z","id":"mwygyvg1yywjj3z"},"id":"kk70s8aq1xfi5s3","previousOperationId":"ow6vkaaw4xsvppv"}
{"type":"operationEnd","subtype":"render","operationId":"gr3wr0vw0mkji1p","timestamp":1764695047665,"id":"hzcuuq3ghzl8z2x","previousEventId":"xxmoh470lp5ctvk","previousOperationId":"ow6vkaaw4xsvppv"}
{"type":"operationEnd","doDiffs":false,"previousEventId":"xx8tc2yj3jm9w4r","previousOperationId":"bco5ve44v370axi","operationId":"bco5ve44v370axi","timestamp":1764695047668,"id":"azpb94dog4bjum2"}
