{"type":"operationStart","subtype":"profile","data":{"_id":"PcYRRg6JlG83QG1i","timestamp":"2025-12-02T16:58:20.475Z","state":"queued","mode":"standard","creationDate":"2025-12-02T16:58:20.476Z","modificationDate":"2025-12-02T16:58:20.476Z","shortid":"KqX2dty","$entitySet":"profiles"},"doDiffs":false,"timestamp":1764694700476,"id":"qdjf2o7qkkvngby","previousOperationId":null,"operationId":"a5oxhkgr95egkqk"}
{"type":"log","level":"info","message":"Render request 7 queued for execution and waiting for available worker","previousOperationId":"a5oxhkgr95egkqk","timestamp":1764694700476,"id":"2lsna36pu0hyru5"}
{"type":"operationStart","subtype":"render","name":"header","previousOperationId":"a5oxhkgr95egkqk","timestamp":1764694700486,"id":"yt0dzhx5v98oyaw","previousEventId":"qdjf2o7qkkvngby","operationId":"mffujo5fqyep7p7"}
{"type":"log","timestamp":1764694700486,"level":"info","message":"Starting rendering request 7","meta":{"rootId":"wp8p9toisdwam48","id":"wp8p9toisdwam48"},"id":"71ys6f1twk4t3cd","previousOperationId":"mffujo5fqyep7p7"}
{"type":"log","timestamp":1764694700486,"level":"info","message":"Rendering template { name: header, recipe: chrome-pdf, engine: handlebars, preview: true }","meta":{"rootId":"wp8p9toisdwam48","id":"wp8p9toisdwam48"},"id":"9fbtqvphb1ixd65","previousOperationId":"mffujo5fqyep7p7"}
{"type":"log","timestamp":1764694700486,"level":"debug","message":"Data item not defined for this template.","meta":{"rootId":"wp8p9toisdwam48","id":"wp8p9toisdwam48"},"id":"lrbp0t4q46qoaq8","previousOperationId":"mffujo5fqyep7p7"}
{"type":"log","timestamp":1764694700486,"level":"debug","message":"Base url not specified, skipping its injection.","meta":{"rootId":"wp8p9toisdwam48","id":"wp8p9toisdwam48"},"id":"nyv02h7ozi0tp9n","previousOperationId":"mffujo5fqyep7p7"}
{"type":"operationStart","subtype":"engine","name":"handlebars","timestamp":1764694700487,"id":"u7xiqohqt0y49f9","previousEventId":"yt0dzhx5v98oyaw","operationId":"x9rvre4mjp2n92l","previousOperationId":"mffujo5fqyep7p7"}
{"type":"log","timestamp":1764694700487,"level":"debug","message":"Rendering engine handlebars","meta":{"rootId":"wp8p9toisdwam48","id":"wp8p9toisdwam48"},"id":"kymmx0l2gd3xkee","previousOperationId":"x9rvre4mjp2n92l"}
{"type":"operationEnd","operationId":"x9rvre4mjp2n92l","timestamp":1764694700496,"id":"bxkj2arpoztyfaw","previousEventId":"u7xiqohqt0y49f9","previousOperationId":"x9rvre4mjp2n92l"}
{"type":"operationStart","subtype":"recipe","name":"chrome-pdf","timestamp":1764694700496,"id":"usu3fxilhy24az3","previousEventId":"bxkj2arpoztyfaw","operationId":"f7zareiedn8sk0e","previousOperationId":"x9rvre4mjp2n92l"}
{"type":"log","timestamp":1764694700496,"level":"debug","message":"Executing recipe chrome-pdf","meta":{"rootId":"wp8p9toisdwam48","id":"wp8p9toisdwam48"},"id":"h5zg3ev8p3qdo14","previousOperationId":"f7zareiedn8sk0e"}
{"type":"log","timestamp":1764694700499,"level":"debug","message":"Converting with chrome Chrome/138.0.7204.168 using chrome-pool strategy","meta":{"rootId":"wp8p9toisdwam48","id":"wp8p9toisdwam48"},"id":"jl51wfwtkv8as09","previousOperationId":"f7zareiedn8sk0e"}
{"type":"log","timestamp":1764694700557,"level":"debug","message":"Page request: GET (document) file:///C:/Users/siste/AppData/Local/Temp/jsreport/autocleanup/258791bd-1414-47e3-8d8c-ef7c41825031-chrome-pdf.html","meta":{"rootId":"wp8p9toisdwam48","id":"wp8p9toisdwam48"},"id":"8dp2hihjllfosmu","previousOperationId":"f7zareiedn8sk0e"}
{"type":"log","timestamp":1764694700579,"level":"debug","message":"Page request finished: GET (document) 200 file:///C:/Users/siste/AppData/Local/Temp/jsreport/autocleanup/258791bd-1414-47e3-8d8c-ef7c41825031-chrome-pdf.html","meta":{"rootId":"wp8p9toisdwam48","id":"wp8p9toisdwam48"},"id":"7c08pcrxiwh0a6o","previousOperationId":"f7zareiedn8sk0e"}
{"type":"log","timestamp":1764694700587,"level":"debug","message":"Running chrome with params {\"timeout\":59976,\"margin\":{},\"printBackground\":true}","meta":{"rootId":"wp8p9toisdwam48","id":"wp8p9toisdwam48"},"id":"ck5nnqghgyiowr8","previousOperationId":"f7zareiedn8sk0e"}
{"type":"operationEnd","operationId":"f7zareiedn8sk0e","timestamp":1764694700663,"id":"k9y216z9a4lxmth","previousEventId":"usu3fxilhy24az3","previousOperationId":"f7zareiedn8sk0e"}
{"type":"log","timestamp":1764694700664,"level":"debug","message":"Skipping storing report.","meta":{"rootId":"wp8p9toisdwam48","id":"wp8p9toisdwam48"},"id":"zulz4l92h13o6yd","previousOperationId":"f7zareiedn8sk0e"}
{"type":"log","timestamp":1764694700664,"level":"info","message":"Rendering request 7 finished in 190 ms","meta":{"rootId":"wp8p9toisdwam48","id":"wp8p9toisdwam48"},"id":"9bvudajbh7y3mab","previousOperationId":"f7zareiedn8sk0e"}
{"type":"operationEnd","subtype":"render","operationId":"mffujo5fqyep7p7","timestamp":1764694700664,"id":"0uvpn82u8ne44hp","previousEventId":"k9y216z9a4lxmth","previousOperationId":"f7zareiedn8sk0e"}
{"type":"operationEnd","doDiffs":false,"previousEventId":"qdjf2o7qkkvngby","previousOperationId":"a5oxhkgr95egkqk","operationId":"a5oxhkgr95egkqk","timestamp":1764694700667,"id":"fovdlrvcy6sl77o"}
