{"type":"operationStart","subtype":"profile","data":{"_id":"ZvBPD0eIXvahpdk6","timestamp":"2025-12-02T17:04:16.246Z","state":"queued","mode":"standard","creationDate":"2025-12-02T17:04:16.248Z","modificationDate":"2025-12-02T17:04:16.248Z","shortid":"aGvIhM9","$entitySet":"profiles"},"doDiffs":false,"timestamp":1764695056247,"id":"qc6opfq1f1fu1yx","previousOperationId":null,"operationId":"fp3ma4gppzbyvlz"}
{"type":"log","level":"info","message":"Render request 12 queued for execution and waiting for available worker","previousOperationId":"fp3ma4gppzbyvlz","timestamp":1764695056247,"id":"a0treeoxx9taxl1"}
{"type":"operationStart","subtype":"render","name":"header","previousOperationId":"fp3ma4gppzbyvlz","timestamp":1764695056256,"id":"y3f1vnlgkszkqzl","previousEventId":"qc6opfq1f1fu1yx","operationId":"evj5kmpe30d1g6y"}
{"type":"log","timestamp":1764695056256,"level":"info","message":"Starting rendering request 12","meta":{"rootId":"ybqezl4f4r47mmg","id":"ybqezl4f4r47mmg"},"id":"ldathuo8mh1ietq","previousOperationId":"evj5kmpe30d1g6y"}
{"type":"log","timestamp":1764695056256,"level":"info","message":"Rendering template { name: header, recipe: chrome-pdf, engine: handlebars, preview: true }","meta":{"rootId":"ybqezl4f4r47mmg","id":"ybqezl4f4r47mmg"},"id":"3y5xx3h3rw7eoic","previousOperationId":"evj5kmpe30d1g6y"}
{"type":"log","timestamp":1764695056256,"level":"debug","message":"Data item not defined for this template.","meta":{"rootId":"ybqezl4f4r47mmg","id":"ybqezl4f4r47mmg"},"id":"6sphm4dxilla31n","previousOperationId":"evj5kmpe30d1g6y"}
{"type":"log","timestamp":1764695056257,"level":"debug","message":"Base url not specified, skipping its injection.","meta":{"rootId":"ybqezl4f4r47mmg","id":"ybqezl4f4r47mmg"},"id":"rpnni4pjq97wq2z","previousOperationId":"evj5kmpe30d1g6y"}
{"type":"operationStart","subtype":"engine","name":"handlebars","timestamp":1764695056257,"id":"v6vuqr9bc8nrnfb","previousEventId":"y3f1vnlgkszkqzl","operationId":"wovqdjgz5arzkfb","previousOperationId":"evj5kmpe30d1g6y"}
{"type":"log","timestamp":1764695056257,"level":"debug","message":"Rendering engine handlebars","meta":{"rootId":"ybqezl4f4r47mmg","id":"ybqezl4f4r47mmg"},"id":"zm5zmwipfg1tj7s","previousOperationId":"wovqdjgz5arzkfb"}
{"type":"operationEnd","operationId":"wovqdjgz5arzkfb","timestamp":1764695056263,"id":"9uxis9ckmzb6bla","previousEventId":"v6vuqr9bc8nrnfb","previousOperationId":"wovqdjgz5arzkfb"}
{"type":"operationStart","subtype":"recipe","name":"chrome-pdf","timestamp":1764695056263,"id":"thwnjyjvc8mnioi","previousEventId":"9uxis9ckmzb6bla","operationId":"1dftm84glizpm79","previousOperationId":"wovqdjgz5arzkfb"}
{"type":"log","timestamp":1764695056263,"level":"debug","message":"Executing recipe chrome-pdf","meta":{"rootId":"ybqezl4f4r47mmg","id":"ybqezl4f4r47mmg"},"id":"ulezt56p9gfpojo","previousOperationId":"1dftm84glizpm79"}
{"type":"log","timestamp":1764695056265,"level":"debug","message":"Converting with chrome Chrome/138.0.7204.168 using chrome-pool strategy","meta":{"rootId":"ybqezl4f4r47mmg","id":"ybqezl4f4r47mmg"},"id":"bt8v0qix84cpn3v","previousOperationId":"1dftm84glizpm79"}
{"type":"log","timestamp":1764695056330,"level":"debug","message":"Page request: GET (document) file:///C:/Users/siste/AppData/Local/Temp/jsreport/autocleanup/3eec6118-0948-444a-b7e0-c44fffebc250-chrome-pdf.html","meta":{"rootId":"ybqezl4f4r47mmg","id":"ybqezl4f4r47mmg"},"id":"p7pwxkha52gq22q","previousOperationId":"1dftm84glizpm79"}
{"type":"log","timestamp":1764695056352,"level":"debug","message":"Page request finished: GET (document) 200 file:///C:/Users/siste/AppData/Local/Temp/jsreport/autocleanup/3eec6118-0948-444a-b7e0-c44fffebc250-chrome-pdf.html","meta":{"rootId":"ybqezl4f4r47mmg","id":"ybqezl4f4r47mmg"},"id":"qtu76z9w77y15nx","previousOperationId":"1dftm84glizpm79"}
{"type":"log","timestamp":1764695056363,"level":"debug","message":"Running chrome with params {\"timeout\":59982,\"margin\":{},\"printBackground\":true}","meta":{"rootId":"ybqezl4f4r47mmg","id":"ybqezl4f4r47mmg"},"id":"qqddqsire4rvahi","previousOperationId":"1dftm84glizpm79"}
{"type":"operationEnd","operationId":"1dftm84glizpm79","timestamp":1764695056442,"id":"atjn367gzj51222","previousEventId":"thwnjyjvc8mnioi","previousOperationId":"1dftm84glizpm79"}
{"type":"log","timestamp":1764695056442,"level":"debug","message":"Skipping storing report.","meta":{"rootId":"ybqezl4f4r47mmg","id":"ybqezl4f4r47mmg"},"id":"axv3kb7o00r3uo4","previousOperationId":"1dftm84glizpm79"}
{"type":"log","timestamp":1764695056442,"level":"info","message":"Rendering request 12 finished in 196 ms","meta":{"rootId":"ybqezl4f4r47mmg","id":"ybqezl4f4r47mmg"},"id":"wscvvf48kp7d8sa","previousOperationId":"1dftm84glizpm79"}
{"type":"operationEnd","subtype":"render","operationId":"evj5kmpe30d1g6y","timestamp":1764695056442,"id":"97tbi0hx82agrr6","previousEventId":"atjn367gzj51222","previousOperationId":"1dftm84glizpm79"}
{"type":"operationEnd","doDiffs":false,"previousEventId":"qc6opfq1f1fu1yx","previousOperationId":"fp3ma4gppzbyvlz","operationId":"fp3ma4gppzbyvlz","timestamp":1764695056445,"id":"b7jngp12jkj16s7"}
