{"type":"operationStart","subtype":"profile","data":{"_id":"UhortUoliH3W7T3h","timestamp":"2025-11-29T12:35:15.631Z","state":"queued","mode":"standard","creationDate":"2025-11-29T12:35:15.634Z","modificationDate":"2025-11-29T12:35:15.634Z","shortid":"J-YOmtU","$entitySet":"profiles"},"doDiffs":false,"timestamp":1764419715633,"id":"wkulzf9kfdwm1im","previousOperationId":null,"operationId":"cjdr3oznjc4vhg3"}
{"type":"log","level":"info","message":"Render request 1 queued for execution and waiting for available worker","previousOperationId":"cjdr3oznjc4vhg3","timestamp":1764419715633,"id":"06ht4071mmc3x72"}
{"type":"operationStart","subtype":"render","name":"acqua","previousOperationId":"cjdr3oznjc4vhg3","timestamp":1764419715647,"id":"q8zyqykb6be84pu","previousEventId":"wkulzf9kfdwm1im","operationId":"i3fp7058ksf2pyt"}
{"type":"log","timestamp":1764419715647,"level":"info","message":"Starting rendering request 1","meta":{"rootId":"dhym67cyhov3asn","id":"dhym67cyhov3asn"},"id":"g1w7psl6720ma5p","previousOperationId":"i3fp7058ksf2pyt"}
{"type":"log","timestamp":1764419715648,"level":"info","message":"Rendering template { name: acqua, recipe: chrome-pdf, engine: handlebars, preview: true }","meta":{"rootId":"dhym67cyhov3asn","id":"dhym67cyhov3asn"},"id":"cbh9lqn8at8d11l","previousOperationId":"i3fp7058ksf2pyt"}
{"type":"log","timestamp":1764419715648,"level":"debug","message":"Data item not defined for this template.","meta":{"rootId":"dhym67cyhov3asn","id":"dhym67cyhov3asn"},"id":"3ww3v5sa8jkop7z","previousOperationId":"i3fp7058ksf2pyt"}
{"type":"log","timestamp":1764419715654,"level":"debug","message":"Base url not specified, skipping its injection.","meta":{"rootId":"dhym67cyhov3asn","id":"dhym67cyhov3asn"},"id":"vtt7rph4zk2y6y0","previousOperationId":"i3fp7058ksf2pyt"}
{"type":"operationStart","subtype":"engine","name":"handlebars","timestamp":1764419715655,"id":"mq3v906lmfwkpyj","previousEventId":"q8zyqykb6be84pu","operationId":"z8w5ud6fqch9ftl","previousOperationId":"i3fp7058ksf2pyt"}
{"type":"log","timestamp":1764419715655,"level":"debug","message":"Rendering engine handlebars","meta":{"rootId":"dhym67cyhov3asn","id":"dhym67cyhov3asn"},"id":"wh5dh51ckbapz0n","previousOperationId":"z8w5ud6fqch9ftl"}
{"type":"operationEnd","operationId":"z8w5ud6fqch9ftl","timestamp":1764419717657,"id":"3h633izu4j1j397","previousEventId":"mq3v906lmfwkpyj","previousOperationId":"z8w5ud6fqch9ftl"}
{"type":"operationStart","subtype":"recipe","name":"chrome-pdf","timestamp":1764419717657,"id":"y5n51nne38ii630","previousEventId":"3h633izu4j1j397","operationId":"qft2ryxytwmzgev","previousOperationId":"z8w5ud6fqch9ftl"}
{"type":"log","timestamp":1764419717658,"level":"debug","message":"Executing recipe chrome-pdf","meta":{"rootId":"dhym67cyhov3asn","id":"dhym67cyhov3asn"},"id":"tyuvhlgkek6tb6u","previousOperationId":"qft2ryxytwmzgev"}
{"type":"log","timestamp":1764419719256,"level":"debug","message":"Converting with chrome Chrome/138.0.7204.168 using chrome-pool strategy","meta":{"rootId":"dhym67cyhov3asn","id":"dhym67cyhov3asn"},"id":"7yk7krzcbs5laim","previousOperationId":"qft2ryxytwmzgev"}
{"type":"log","timestamp":1764419719363,"level":"debug","message":"Page request: GET (document) file:///C:/Users/siste/AppData/Local/Temp/jsreport/autocleanup/43bdfbde-746e-44b2-a1a6-d963a62214a9-chrome-pdf.html","meta":{"rootId":"dhym67cyhov3asn","id":"dhym67cyhov3asn"},"id":"9vesgibvaszm905","previousOperationId":"qft2ryxytwmzgev"}
{"type":"log","timestamp":1764419719383,"level":"debug","message":"Page request finished: GET (document) 200 file:///C:/Users/siste/AppData/Local/Temp/jsreport/autocleanup/43bdfbde-746e-44b2-a1a6-d963a62214a9-chrome-pdf.html","meta":{"rootId":"dhym67cyhov3asn","id":"dhym67cyhov3asn"},"id":"o9j8l0bnbutupjf","previousOperationId":"qft2ryxytwmzgev"}
{"type":"log","timestamp":1764419719385,"level":"debug","message":"Page request: GET (image) https://www.bancocajasocial.com/content/dam/bcs/contenido/imagenes-blog/0vxMggyPPMMUidkgD8Xr.jpg","meta":{"rootId":"dhym67cyhov3asn","id":"dhym67cyhov3asn"},"id":"9b1zco8u9mlztuj","previousOperationId":"qft2ryxytwmzgev"}
{"type":"log","timestamp":1764419719385,"level":"debug","message":"Page request: GET (image) https://upload.wikimedia.org/wikipedia/commons/d/d7/Commons_QR_code.png","meta":{"rootId":"dhym67cyhov3asn","id":"dhym67cyhov3asn"},"id":"ndktb44kkkj5oq1","previousOperationId":"qft2ryxytwmzgev"}
{"type":"log","timestamp":1764419719462,"level":"debug","message":"Page request finished: GET (image) 200 https://www.bancocajasocial.com/content/dam/bcs/contenido/imagenes-blog/0vxMggyPPMMUidkgD8Xr.jpg","meta":{"rootId":"dhym67cyhov3asn","id":"dhym67cyhov3asn"},"id":"hk1j8lo59lxjt5x","previousOperationId":"qft2ryxytwmzgev"}
{"type":"log","timestamp":1764419719736,"level":"debug","message":"Page request finished: GET (image) 200 https://upload.wikimedia.org/wikipedia/commons/d/d7/Commons_QR_code.png","meta":{"rootId":"dhym67cyhov3asn","id":"dhym67cyhov3asn"},"id":"w2abzw8ybze6pck","previousOperationId":"qft2ryxytwmzgev"}
{"type":"log","timestamp":1764419719760,"level":"debug","message":"Running chrome with params {\"printBackground\":true,\"timeout\":57943,\"margin\":{}}","meta":{"rootId":"dhym67cyhov3asn","id":"dhym67cyhov3asn"},"id":"htrfaksv473anq9","previousOperationId":"qft2ryxytwmzgev"}
{"type":"operationEnd","operationId":"qft2ryxytwmzgev","timestamp":1764419720167,"id":"n34unjpv2r64nca","previousEventId":"y5n51nne38ii630","previousOperationId":"qft2ryxytwmzgev"}
{"type":"log","timestamp":1764419720168,"level":"debug","message":"Skipping storing report.","meta":{"rootId":"dhym67cyhov3asn","id":"dhym67cyhov3asn"},"id":"zqkz4vg0wvf1nyr","previousOperationId":"qft2ryxytwmzgev"}
{"type":"log","timestamp":1764419720168,"level":"info","message":"Rendering request 1 finished in 4537 ms","meta":{"rootId":"dhym67cyhov3asn","id":"dhym67cyhov3asn"},"id":"ltwmnq0vcybd2k9","previousOperationId":"qft2ryxytwmzgev"}
{"type":"operationEnd","subtype":"render","operationId":"i3fp7058ksf2pyt","timestamp":1764419720168,"id":"mwf7mov23vg5ggk","previousEventId":"n34unjpv2r64nca","previousOperationId":"qft2ryxytwmzgev"}
{"type":"operationEnd","doDiffs":false,"previousEventId":"wkulzf9kfdwm1im","previousOperationId":"cjdr3oznjc4vhg3","operationId":"cjdr3oznjc4vhg3","timestamp":1764419720173,"id":"9r6uvdzuu2w0gem"}
