{"type":"operationStart","subtype":"profile","data":{"_id":"pSOqSKppkZZVOvoW","timestamp":"2026-03-27T05:43:58.641Z","state":"queued","mode":"standard","creationDate":"2026-03-27T05:43:58.643Z","modificationDate":"2026-03-27T05:43:58.643Z","shortid":"euRqoEU","$entitySet":"profiles"},"doDiffs":false,"timestamp":1774590238642,"id":"078262805vdg8bc","previousOperationId":null,"operationId":"3d6ox4kzr22756d"}
{"type":"log","level":"info","message":"Render request 9 queued for execution and waiting for available worker","previousOperationId":"3d6ox4kzr22756d","timestamp":1774590238643,"id":"4548erda5lkegn8"}
{"type":"operationStart","subtype":"render","name":"acqua_hills","previousOperationId":"3d6ox4kzr22756d","timestamp":1774590238653,"id":"465oe6c000j4vj6","previousEventId":"078262805vdg8bc","operationId":"t9v73tuw7mr71n8"}
{"type":"log","timestamp":1774590238653,"level":"info","message":"Starting rendering request 9","meta":{"rootId":"xahl66n1bgmdb89","id":"xahl66n1bgmdb89"},"id":"j8x8dz2h1xjoswz","previousOperationId":"t9v73tuw7mr71n8"}
{"type":"log","timestamp":1774590238653,"level":"info","message":"Rendering template { name: acqua_hills, recipe: chrome-pdf, engine: handlebars, preview: true }","meta":{"rootId":"xahl66n1bgmdb89","id":"xahl66n1bgmdb89"},"id":"ozygu5gkas3hk70","previousOperationId":"t9v73tuw7mr71n8"}
{"type":"log","timestamp":1774590238653,"level":"debug","message":"Inline data specified.","meta":{"rootId":"xahl66n1bgmdb89","id":"xahl66n1bgmdb89"},"id":"od2pgfoc6mw5za1","previousOperationId":"t9v73tuw7mr71n8"}
{"type":"log","timestamp":1774590238654,"level":"debug","message":"Base url not specified, skipping its injection.","meta":{"rootId":"xahl66n1bgmdb89","id":"xahl66n1bgmdb89"},"id":"cdj3szskhg6vcna","previousOperationId":"t9v73tuw7mr71n8"}
{"type":"operationStart","subtype":"engine","name":"handlebars","timestamp":1774590238654,"id":"hjbgxx33873kqo7","previousEventId":"465oe6c000j4vj6","operationId":"qx9jbr5gegk9e8v","previousOperationId":"t9v73tuw7mr71n8"}
{"type":"log","timestamp":1774590238654,"level":"debug","message":"Rendering engine handlebars","meta":{"rootId":"xahl66n1bgmdb89","id":"xahl66n1bgmdb89"},"id":"ty79w3bbmyvqj2k","previousOperationId":"qx9jbr5gegk9e8v"}
{"type":"operationEnd","operationId":"qx9jbr5gegk9e8v","timestamp":1774590238668,"id":"87o0jywr5l4o9jf","previousEventId":"hjbgxx33873kqo7","previousOperationId":"qx9jbr5gegk9e8v"}
{"type":"operationStart","subtype":"recipe","name":"chrome-pdf","timestamp":1774590238668,"id":"233vha6wk1gg55j","previousEventId":"87o0jywr5l4o9jf","operationId":"h3iqlkzwdvrf22p","previousOperationId":"qx9jbr5gegk9e8v"}
{"type":"log","timestamp":1774590238668,"level":"debug","message":"Executing recipe chrome-pdf","meta":{"rootId":"xahl66n1bgmdb89","id":"xahl66n1bgmdb89"},"id":"oeff1q9n022p6ts","previousOperationId":"h3iqlkzwdvrf22p"}
{"type":"log","timestamp":1774590238670,"level":"debug","message":"Converting with chrome Chrome/138.0.7204.168 using chrome-pool strategy","meta":{"rootId":"xahl66n1bgmdb89","id":"xahl66n1bgmdb89"},"id":"3yrrskf8oexbghg","previousOperationId":"h3iqlkzwdvrf22p"}
{"type":"log","timestamp":1774590238759,"level":"debug","message":"Page request: GET (document) file:///C:/Users/JUANMA%7E1/AppData/Local/Temp/jsreport/autocleanup/fcee4a3a-8e65-4cf8-bdc8-5279aee2f7c8-chrome-pdf.html","meta":{"rootId":"xahl66n1bgmdb89","id":"xahl66n1bgmdb89"},"id":"prh1pa44ox73821","previousOperationId":"h3iqlkzwdvrf22p"}
{"type":"log","timestamp":1774590238784,"level":"debug","message":"Page request finished: GET (document) 200 file:///C:/Users/JUANMA%7E1/AppData/Local/Temp/jsreport/autocleanup/fcee4a3a-8e65-4cf8-bdc8-5279aee2f7c8-chrome-pdf.html","meta":{"rootId":"xahl66n1bgmdb89","id":"xahl66n1bgmdb89"},"id":"kub4913niufzuyb","previousOperationId":"h3iqlkzwdvrf22p"}
{"type":"log","timestamp":1774590238809,"level":"debug","message":"Running chrome with params {\"printBackground\":true,\"timeout\":59972,\"margin\":{}}","meta":{"rootId":"xahl66n1bgmdb89","id":"xahl66n1bgmdb89"},"id":"y1kaw5lr8xhl744","previousOperationId":"h3iqlkzwdvrf22p"}
{"type":"operationEnd","operationId":"h3iqlkzwdvrf22p","timestamp":1774590239132,"id":"iqclscrsvo74ghh","previousEventId":"233vha6wk1gg55j","previousOperationId":"h3iqlkzwdvrf22p"}
{"type":"log","timestamp":1774590239132,"level":"debug","message":"Skipping storing report.","meta":{"rootId":"xahl66n1bgmdb89","id":"xahl66n1bgmdb89"},"id":"0too599qwissrnb","previousOperationId":"h3iqlkzwdvrf22p"}
{"type":"log","timestamp":1774590239132,"level":"info","message":"Rendering request 9 finished in 491 ms","meta":{"rootId":"xahl66n1bgmdb89","id":"xahl66n1bgmdb89"},"id":"eair3nmaoz2prxz","previousOperationId":"h3iqlkzwdvrf22p"}
{"type":"operationEnd","subtype":"render","operationId":"t9v73tuw7mr71n8","timestamp":1774590239132,"id":"c0tq1t7nlc0xsl1","previousEventId":"iqclscrsvo74ghh","previousOperationId":"h3iqlkzwdvrf22p"}
{"type":"operationEnd","doDiffs":false,"previousEventId":"078262805vdg8bc","previousOperationId":"3d6ox4kzr22756d","operationId":"3d6ox4kzr22756d","timestamp":1774590239135,"id":"fb7f2rhu7xjfoib"}
