{"type":"operationStart","subtype":"profile","data":{"_id":"AHWpBWuHv1LZJIW5","timestamp":"2025-11-29T04:46:23.763Z","state":"queued","mode":"standard","creationDate":"2025-11-29T04:46:23.765Z","modificationDate":"2025-11-29T04:46:23.765Z","shortid":"eK6C793","$entitySet":"profiles"},"doDiffs":false,"timestamp":1764391583764,"id":"n8lsuicn6wzumrk","previousOperationId":null,"operationId":"tu99a7qkp5nk1gy"}
{"type":"log","level":"info","message":"Render request 101 queued for execution and waiting for available worker","previousOperationId":"tu99a7qkp5nk1gy","timestamp":1764391583764,"id":"2ur9ln2hfuzqxvl"}
{"type":"operationStart","subtype":"render","name":"prueba","previousOperationId":"tu99a7qkp5nk1gy","timestamp":1764391583773,"id":"p4t6084fteq3s80","previousEventId":"n8lsuicn6wzumrk","operationId":"l0wqw42aufosjgj"}
{"type":"log","timestamp":1764391583773,"level":"info","message":"Starting rendering request 101","meta":{"rootId":"8c49b1jzsuqr09i","id":"8c49b1jzsuqr09i"},"id":"ms9p3j1o4rivop1","previousOperationId":"l0wqw42aufosjgj"}
{"type":"log","timestamp":1764391583773,"level":"info","message":"Rendering template { name: prueba, recipe: chrome-pdf, engine: handlebars, preview: false }","meta":{"rootId":"8c49b1jzsuqr09i","id":"8c49b1jzsuqr09i"},"id":"944m51lsinyg9qo","previousOperationId":"l0wqw42aufosjgj"}
{"type":"log","timestamp":1764391583773,"level":"debug","message":"Inline data specified.","meta":{"rootId":"8c49b1jzsuqr09i","id":"8c49b1jzsuqr09i"},"id":"etw6bzacjt9a3yz","previousOperationId":"l0wqw42aufosjgj"}
{"type":"log","timestamp":1764391583774,"level":"debug","message":"Base url not specified, skipping its injection.","meta":{"rootId":"8c49b1jzsuqr09i","id":"8c49b1jzsuqr09i"},"id":"28gr04u2mqbdjdj","previousOperationId":"l0wqw42aufosjgj"}
{"type":"operationStart","subtype":"engine","name":"handlebars","timestamp":1764391583774,"id":"w2zg3dnxazpt1m6","previousEventId":"p4t6084fteq3s80","operationId":"1ueg3d88g1oirll","previousOperationId":"l0wqw42aufosjgj"}
{"type":"log","timestamp":1764391583774,"level":"debug","message":"Rendering engine handlebars","meta":{"rootId":"8c49b1jzsuqr09i","id":"8c49b1jzsuqr09i"},"id":"vvudnwzjme8fa4f","previousOperationId":"1ueg3d88g1oirll"}
{"type":"operationEnd","operationId":"1ueg3d88g1oirll","timestamp":1764391583781,"id":"yz3mr7nagpgql3n","previousEventId":"w2zg3dnxazpt1m6","previousOperationId":"1ueg3d88g1oirll"}
{"type":"operationStart","subtype":"recipe","name":"chrome-pdf","timestamp":1764391583782,"id":"91ikm7v01hpq2qy","previousEventId":"yz3mr7nagpgql3n","operationId":"0qylrqsspmm5w0x","previousOperationId":"1ueg3d88g1oirll"}
{"type":"log","timestamp":1764391583782,"level":"debug","message":"Executing recipe chrome-pdf","meta":{"rootId":"8c49b1jzsuqr09i","id":"8c49b1jzsuqr09i"},"id":"m9aimycvddj83i6","previousOperationId":"0qylrqsspmm5w0x"}
{"type":"log","timestamp":1764391583785,"level":"debug","message":"Converting with chrome Chrome/138.0.7204.168 using chrome-pool strategy","meta":{"rootId":"8c49b1jzsuqr09i","id":"8c49b1jzsuqr09i"},"id":"8xnlyyzy1z4yiur","previousOperationId":"0qylrqsspmm5w0x"}
{"type":"log","timestamp":1764391583878,"level":"debug","message":"Page request: GET (document) file:///C:/Users/siste/AppData/Local/Temp/jsreport/autocleanup/f41cc4f4-c035-4970-a05d-724ccd495043-chrome-pdf.html","meta":{"rootId":"8c49b1jzsuqr09i","id":"8c49b1jzsuqr09i"},"id":"yf09lkov9vh0whg","previousOperationId":"0qylrqsspmm5w0x"}
{"type":"log","timestamp":1764391583910,"level":"debug","message":"Page request finished: GET (document) 200 file:///C:/Users/siste/AppData/Local/Temp/jsreport/autocleanup/f41cc4f4-c035-4970-a05d-724ccd495043-chrome-pdf.html","meta":{"rootId":"8c49b1jzsuqr09i","id":"8c49b1jzsuqr09i"},"id":"k6rwgowkzmtpyyl","previousOperationId":"0qylrqsspmm5w0x"}
{"type":"log","timestamp":1764391583913,"level":"debug","message":"Page request: GET (image) https://res.cloudinary.com/dzpxozoua/image/upload/v1764384786/logo_acquahills_j8rcuq.png","meta":{"rootId":"8c49b1jzsuqr09i","id":"8c49b1jzsuqr09i"},"id":"y8mmph73a0uieui","previousOperationId":"0qylrqsspmm5w0x"}
{"type":"log","timestamp":1764391583925,"level":"debug","message":"Page request: GET (image) https://www.bancocajasocial.com/content/dam/bcs/contenido/imagenes-blog/0vxMggyPPMMUidkgD8Xr.jpg","meta":{"rootId":"8c49b1jzsuqr09i","id":"8c49b1jzsuqr09i"},"id":"3j6jldzzpxsgcpi","previousOperationId":"0qylrqsspmm5w0x"}
{"type":"log","timestamp":1764391583926,"level":"debug","message":"Page request: GET (image) https://upload.wikimedia.org/wikipedia/commons/d/d7/Commons_QR_code.png","meta":{"rootId":"8c49b1jzsuqr09i","id":"8c49b1jzsuqr09i"},"id":"01ni22l929c7njk","previousOperationId":"0qylrqsspmm5w0x"}
{"type":"log","timestamp":1764391583954,"level":"debug","message":"Page request finished: GET (image) 200 https://res.cloudinary.com/dzpxozoua/image/upload/v1764384786/logo_acquahills_j8rcuq.png","meta":{"rootId":"8c49b1jzsuqr09i","id":"8c49b1jzsuqr09i"},"id":"qms5eyyx1dc61my","previousOperationId":"0qylrqsspmm5w0x"}
{"type":"log","timestamp":1764391583955,"level":"debug","message":"Page request finished: GET (image) 200 https://www.bancocajasocial.com/content/dam/bcs/contenido/imagenes-blog/0vxMggyPPMMUidkgD8Xr.jpg","meta":{"rootId":"8c49b1jzsuqr09i","id":"8c49b1jzsuqr09i"},"id":"yi8zb09d4buwe53","previousOperationId":"0qylrqsspmm5w0x"}
{"type":"log","timestamp":1764391583955,"level":"debug","message":"Page request finished: GET (image) 200 https://upload.wikimedia.org/wikipedia/commons/d/d7/Commons_QR_code.png","meta":{"rootId":"8c49b1jzsuqr09i","id":"8c49b1jzsuqr09i"},"id":"nhjm4s48rfq2cnc","previousOperationId":"0qylrqsspmm5w0x"}
{"type":"log","timestamp":1764391583969,"level":"debug","message":"Running chrome with params {\"printBackground\":true,\"timeout\":59979,\"margin\":{}}","meta":{"rootId":"8c49b1jzsuqr09i","id":"8c49b1jzsuqr09i"},"id":"v9ogkf6efdgvgms","previousOperationId":"0qylrqsspmm5w0x"}
{"type":"operationEnd","operationId":"0qylrqsspmm5w0x","timestamp":1764391584973,"id":"t73omhqus94gczc","previousEventId":"91ikm7v01hpq2qy","previousOperationId":"0qylrqsspmm5w0x"}
{"type":"log","timestamp":1764391584974,"level":"debug","message":"Skipping storing report.","meta":{"rootId":"8c49b1jzsuqr09i","id":"8c49b1jzsuqr09i"},"id":"dj4093bur004ju9","previousOperationId":"0qylrqsspmm5w0x"}
{"type":"log","timestamp":1764391584974,"level":"info","message":"Rendering request 101 finished in 1211 ms","meta":{"rootId":"8c49b1jzsuqr09i","id":"8c49b1jzsuqr09i"},"id":"x3tg5rqe47nqmzm","previousOperationId":"0qylrqsspmm5w0x"}
{"type":"operationEnd","subtype":"render","operationId":"l0wqw42aufosjgj","timestamp":1764391584974,"id":"i45h3hned2hjsrv","previousEventId":"t73omhqus94gczc","previousOperationId":"0qylrqsspmm5w0x"}
{"type":"operationEnd","doDiffs":false,"previousEventId":"n8lsuicn6wzumrk","previousOperationId":"tu99a7qkp5nk1gy","operationId":"tu99a7qkp5nk1gy","timestamp":1764391584975,"id":"ve0m9dw0a14zapa"}
