{"type":"operationStart","subtype":"profile","data":{"_id":"Sf32gMYF84CUucg5","timestamp":"2025-11-29T04:36:23.991Z","state":"queued","mode":"standard","creationDate":"2025-11-29T04:36:23.992Z","modificationDate":"2025-11-29T04:36:23.992Z","shortid":"RBkOdCD","$entitySet":"profiles"},"doDiffs":false,"timestamp":1764390983992,"id":"716nk6n9mwwews9","previousOperationId":null,"operationId":"bybb3mhlyi3yz76"}
{"type":"log","level":"info","message":"Render request 85 queued for execution and waiting for available worker","previousOperationId":"bybb3mhlyi3yz76","timestamp":1764390983992,"id":"j3p599okgbt73hq"}
{"type":"operationStart","subtype":"render","name":"prueba","previousOperationId":"bybb3mhlyi3yz76","timestamp":1764390983999,"id":"f3wd1j6qk0sdz14","previousEventId":"716nk6n9mwwews9","operationId":"9rq9par3wjmbwbc"}
{"type":"log","timestamp":1764390983999,"level":"info","message":"Starting rendering request 85","meta":{"rootId":"dz6m2lu1qflirqs","id":"dz6m2lu1qflirqs"},"id":"07nmyrc4tijqofi","previousOperationId":"9rq9par3wjmbwbc"}
{"type":"log","timestamp":1764390983999,"level":"info","message":"Rendering template { name: prueba, recipe: chrome-pdf, engine: handlebars, preview: false }","meta":{"rootId":"dz6m2lu1qflirqs","id":"dz6m2lu1qflirqs"},"id":"op4v4sfgr9se48o","previousOperationId":"9rq9par3wjmbwbc"}
{"type":"log","timestamp":1764390983999,"level":"debug","message":"Inline data specified.","meta":{"rootId":"dz6m2lu1qflirqs","id":"dz6m2lu1qflirqs"},"id":"0tb5vk31bm081s9","previousOperationId":"9rq9par3wjmbwbc"}
{"type":"log","timestamp":1764390984001,"level":"debug","message":"Base url not specified, skipping its injection.","meta":{"rootId":"dz6m2lu1qflirqs","id":"dz6m2lu1qflirqs"},"id":"37dabh1ux1jjvp8","previousOperationId":"9rq9par3wjmbwbc"}
{"type":"operationStart","subtype":"engine","name":"handlebars","timestamp":1764390984001,"id":"e375j3mt60tzxmd","previousEventId":"f3wd1j6qk0sdz14","operationId":"kh47lpmavjyfdav","previousOperationId":"9rq9par3wjmbwbc"}
{"type":"log","timestamp":1764390984001,"level":"debug","message":"Rendering engine handlebars","meta":{"rootId":"dz6m2lu1qflirqs","id":"dz6m2lu1qflirqs"},"id":"wd3v3xsnbaij6sf","previousOperationId":"kh47lpmavjyfdav"}
{"type":"operationEnd","operationId":"kh47lpmavjyfdav","timestamp":1764390984011,"id":"1upux6jf5tqvz9e","previousEventId":"e375j3mt60tzxmd","previousOperationId":"kh47lpmavjyfdav"}
{"type":"operationStart","subtype":"recipe","name":"chrome-pdf","timestamp":1764390984011,"id":"xfaeyw4m3buogoa","previousEventId":"1upux6jf5tqvz9e","operationId":"h16y7a4de8283j1","previousOperationId":"kh47lpmavjyfdav"}
{"type":"log","timestamp":1764390984012,"level":"debug","message":"Executing recipe chrome-pdf","meta":{"rootId":"dz6m2lu1qflirqs","id":"dz6m2lu1qflirqs"},"id":"999e1uq76c8up8o","previousOperationId":"h16y7a4de8283j1"}
{"type":"log","timestamp":1764390984014,"level":"debug","message":"Converting with chrome Chrome/138.0.7204.168 using chrome-pool strategy","meta":{"rootId":"dz6m2lu1qflirqs","id":"dz6m2lu1qflirqs"},"id":"2u0ye0udp0d9c6g","previousOperationId":"h16y7a4de8283j1"}
{"type":"log","timestamp":1764390984075,"level":"debug","message":"Page request: GET (document) file:///C:/Users/siste/AppData/Local/Temp/jsreport/autocleanup/a98b360e-d8f4-4324-8d72-9ce840437a7e-chrome-pdf.html","meta":{"rootId":"dz6m2lu1qflirqs","id":"dz6m2lu1qflirqs"},"id":"v1k6mx5a5e8y1sc","previousOperationId":"h16y7a4de8283j1"}
{"type":"log","timestamp":1764390984095,"level":"debug","message":"Page request finished: GET (document) 200 file:///C:/Users/siste/AppData/Local/Temp/jsreport/autocleanup/a98b360e-d8f4-4324-8d72-9ce840437a7e-chrome-pdf.html","meta":{"rootId":"dz6m2lu1qflirqs","id":"dz6m2lu1qflirqs"},"id":"x6grpa6afh0wd5o","previousOperationId":"h16y7a4de8283j1"}
{"type":"log","timestamp":1764390984096,"level":"debug","message":"Page request: GET (image) https://res.cloudinary.com/dzpxozoua/image/upload/v1764384786/logo_acquahills_j8rcuq.png","meta":{"rootId":"dz6m2lu1qflirqs","id":"dz6m2lu1qflirqs"},"id":"0qrn1yf41c10esm","previousOperationId":"h16y7a4de8283j1"}
{"type":"log","timestamp":1764390984097,"level":"debug","message":"Page request: GET (image) https://www.bancocajasocial.com/content/dam/bcs/contenido/imagenes-blog/0vxMggyPPMMUidkgD8Xr.jpg","meta":{"rootId":"dz6m2lu1qflirqs","id":"dz6m2lu1qflirqs"},"id":"wcfdm04kkqx0vve","previousOperationId":"h16y7a4de8283j1"}
{"type":"log","timestamp":1764390984097,"level":"debug","message":"Page request: GET (image) https://upload.wikimedia.org/wikipedia/commons/d/d7/Commons_QR_code.png","meta":{"rootId":"dz6m2lu1qflirqs","id":"dz6m2lu1qflirqs"},"id":"9oulbu0gf0nuhgq","previousOperationId":"h16y7a4de8283j1"}
{"type":"log","timestamp":1764390984131,"level":"debug","message":"Page request finished: GET (image) 200 https://res.cloudinary.com/dzpxozoua/image/upload/v1764384786/logo_acquahills_j8rcuq.png","meta":{"rootId":"dz6m2lu1qflirqs","id":"dz6m2lu1qflirqs"},"id":"x79u62wse1s2qmz","previousOperationId":"h16y7a4de8283j1"}
{"type":"log","timestamp":1764390984132,"level":"debug","message":"Page request finished: GET (image) 200 https://www.bancocajasocial.com/content/dam/bcs/contenido/imagenes-blog/0vxMggyPPMMUidkgD8Xr.jpg","meta":{"rootId":"dz6m2lu1qflirqs","id":"dz6m2lu1qflirqs"},"id":"7zmw6peyzpduh5p","previousOperationId":"h16y7a4de8283j1"}
{"type":"log","timestamp":1764390984132,"level":"debug","message":"Page request finished: GET (image) 200 https://upload.wikimedia.org/wikipedia/commons/d/d7/Commons_QR_code.png","meta":{"rootId":"dz6m2lu1qflirqs","id":"dz6m2lu1qflirqs"},"id":"ppqxyiu0xh1uyxy","previousOperationId":"h16y7a4de8283j1"}
{"type":"log","timestamp":1764390984136,"level":"debug","message":"Running chrome with params {\"printBackground\":true,\"timeout\":59978,\"margin\":{}}","meta":{"rootId":"dz6m2lu1qflirqs","id":"dz6m2lu1qflirqs"},"id":"vlih1vzgdiewhvo","previousOperationId":"h16y7a4de8283j1"}
{"type":"operationEnd","operationId":"h16y7a4de8283j1","timestamp":1764390985003,"id":"q6v61nuxhp4luk9","previousEventId":"xfaeyw4m3buogoa","previousOperationId":"h16y7a4de8283j1"}
{"type":"log","timestamp":1764390985003,"level":"debug","message":"Skipping storing report.","meta":{"rootId":"dz6m2lu1qflirqs","id":"dz6m2lu1qflirqs"},"id":"g1b0gnbwb8bo87g","previousOperationId":"h16y7a4de8283j1"}
{"type":"log","timestamp":1764390985003,"level":"info","message":"Rendering request 85 finished in 1012 ms","meta":{"rootId":"dz6m2lu1qflirqs","id":"dz6m2lu1qflirqs"},"id":"yzjmxj23rwrews3","previousOperationId":"h16y7a4de8283j1"}
{"type":"operationEnd","subtype":"render","operationId":"9rq9par3wjmbwbc","timestamp":1764390985003,"id":"qss5mttiyfioefo","previousEventId":"q6v61nuxhp4luk9","previousOperationId":"h16y7a4de8283j1"}
{"type":"operationEnd","doDiffs":false,"previousEventId":"716nk6n9mwwews9","previousOperationId":"bybb3mhlyi3yz76","operationId":"bybb3mhlyi3yz76","timestamp":1764390985004,"id":"ghtmjus85qdl1es"}
