{"type":"operationStart","subtype":"profile","data":{"_id":"6q8O5vqRYLEkssp5","timestamp":"2025-11-29T04:46:20.031Z","state":"queued","mode":"standard","creationDate":"2025-11-29T04:46:20.033Z","modificationDate":"2025-11-29T04:46:20.033Z","shortid":"VYSqfGj","$entitySet":"profiles"},"doDiffs":false,"timestamp":1764391580032,"id":"49bqk65med6gvfa","previousOperationId":null,"operationId":"u6u1a5dz61bg3zp"}
{"type":"log","level":"info","message":"Render request 100 queued for execution and waiting for available worker","previousOperationId":"u6u1a5dz61bg3zp","timestamp":1764391580032,"id":"yzrnffctapoeak9"}
{"type":"operationStart","subtype":"render","name":"prueba","previousOperationId":"u6u1a5dz61bg3zp","timestamp":1764391580044,"id":"dnhuaqy6cyj5xr6","previousEventId":"49bqk65med6gvfa","operationId":"bqzsz59srycwjse"}
{"type":"log","timestamp":1764391580044,"level":"info","message":"Starting rendering request 100","meta":{"rootId":"ea166s6jkawgzhz","id":"ea166s6jkawgzhz"},"id":"2yyq36oskdrtxya","previousOperationId":"bqzsz59srycwjse"}
{"type":"log","timestamp":1764391580045,"level":"info","message":"Rendering template { name: prueba, recipe: chrome-pdf, engine: handlebars, preview: false }","meta":{"rootId":"ea166s6jkawgzhz","id":"ea166s6jkawgzhz"},"id":"shhzfvvj1m4gx1g","previousOperationId":"bqzsz59srycwjse"}
{"type":"log","timestamp":1764391580045,"level":"debug","message":"Inline data specified.","meta":{"rootId":"ea166s6jkawgzhz","id":"ea166s6jkawgzhz"},"id":"ftqpnas8ufzrpny","previousOperationId":"bqzsz59srycwjse"}
{"type":"log","timestamp":1764391580046,"level":"debug","message":"Base url not specified, skipping its injection.","meta":{"rootId":"ea166s6jkawgzhz","id":"ea166s6jkawgzhz"},"id":"vxh3pm3smtp1g6f","previousOperationId":"bqzsz59srycwjse"}
{"type":"operationStart","subtype":"engine","name":"handlebars","timestamp":1764391580047,"id":"uy5uaeztgchkwae","previousEventId":"dnhuaqy6cyj5xr6","operationId":"hrrjaxpxtnq82ka","previousOperationId":"bqzsz59srycwjse"}
{"type":"log","timestamp":1764391580047,"level":"debug","message":"Rendering engine handlebars","meta":{"rootId":"ea166s6jkawgzhz","id":"ea166s6jkawgzhz"},"id":"way2u6i05vxftqd","previousOperationId":"hrrjaxpxtnq82ka"}
{"type":"operationEnd","operationId":"hrrjaxpxtnq82ka","timestamp":1764391580054,"id":"ke61ppb1rm6kiop","previousEventId":"uy5uaeztgchkwae","previousOperationId":"hrrjaxpxtnq82ka"}
{"type":"operationStart","subtype":"recipe","name":"chrome-pdf","timestamp":1764391580055,"id":"a1hilne2lxfg1f8","previousEventId":"ke61ppb1rm6kiop","operationId":"h2ck5buwt581e17","previousOperationId":"hrrjaxpxtnq82ka"}
{"type":"log","timestamp":1764391580055,"level":"debug","message":"Executing recipe chrome-pdf","meta":{"rootId":"ea166s6jkawgzhz","id":"ea166s6jkawgzhz"},"id":"nhrhic03ym7d8nm","previousOperationId":"h2ck5buwt581e17"}
{"type":"log","timestamp":1764391580059,"level":"debug","message":"Converting with chrome Chrome/138.0.7204.168 using chrome-pool strategy","meta":{"rootId":"ea166s6jkawgzhz","id":"ea166s6jkawgzhz"},"id":"rgldxklg2nojjl1","previousOperationId":"h2ck5buwt581e17"}
{"type":"log","timestamp":1764391580121,"level":"debug","message":"Page request: GET (document) file:///C:/Users/siste/AppData/Local/Temp/jsreport/autocleanup/eb6cd764-61fa-40a2-a8ce-d52499579dd4-chrome-pdf.html","meta":{"rootId":"ea166s6jkawgzhz","id":"ea166s6jkawgzhz"},"id":"3fa4iv71p6dq2qr","previousOperationId":"h2ck5buwt581e17"}
{"type":"log","timestamp":1764391580143,"level":"debug","message":"Page request finished: GET (document) 200 file:///C:/Users/siste/AppData/Local/Temp/jsreport/autocleanup/eb6cd764-61fa-40a2-a8ce-d52499579dd4-chrome-pdf.html","meta":{"rootId":"ea166s6jkawgzhz","id":"ea166s6jkawgzhz"},"id":"hh3ocl245ir70qb","previousOperationId":"h2ck5buwt581e17"}
{"type":"log","timestamp":1764391580144,"level":"debug","message":"Page request: GET (image) https://res.cloudinary.com/dzpxozoua/image/upload/v1764384786/logo_acquahills_j8rcuq.png","meta":{"rootId":"ea166s6jkawgzhz","id":"ea166s6jkawgzhz"},"id":"ofio2iptrtt82u9","previousOperationId":"h2ck5buwt581e17"}
{"type":"log","timestamp":1764391580144,"level":"debug","message":"Page request: GET (image) https://www.bancocajasocial.com/content/dam/bcs/contenido/imagenes-blog/0vxMggyPPMMUidkgD8Xr.jpg","meta":{"rootId":"ea166s6jkawgzhz","id":"ea166s6jkawgzhz"},"id":"m207gj3j13wm0ib","previousOperationId":"h2ck5buwt581e17"}
{"type":"log","timestamp":1764391580144,"level":"debug","message":"Page request: GET (image) https://upload.wikimedia.org/wikipedia/commons/d/d7/Commons_QR_code.png","meta":{"rootId":"ea166s6jkawgzhz","id":"ea166s6jkawgzhz"},"id":"d77ot5hc97qeqhb","previousOperationId":"h2ck5buwt581e17"}
{"type":"log","timestamp":1764391580154,"level":"debug","message":"Page request finished: GET (image) 200 https://res.cloudinary.com/dzpxozoua/image/upload/v1764384786/logo_acquahills_j8rcuq.png","meta":{"rootId":"ea166s6jkawgzhz","id":"ea166s6jkawgzhz"},"id":"yvpq4p4ovxkg3ld","previousOperationId":"h2ck5buwt581e17"}
{"type":"log","timestamp":1764391580154,"level":"debug","message":"Page request finished: GET (image) 200 https://www.bancocajasocial.com/content/dam/bcs/contenido/imagenes-blog/0vxMggyPPMMUidkgD8Xr.jpg","meta":{"rootId":"ea166s6jkawgzhz","id":"ea166s6jkawgzhz"},"id":"3h5otjyc8e0cyco","previousOperationId":"h2ck5buwt581e17"}
{"type":"log","timestamp":1764391580155,"level":"debug","message":"Page request finished: GET (image) 200 https://upload.wikimedia.org/wikipedia/commons/d/d7/Commons_QR_code.png","meta":{"rootId":"ea166s6jkawgzhz","id":"ea166s6jkawgzhz"},"id":"5ltyzk3rgb0y67g","previousOperationId":"h2ck5buwt581e17"}
{"type":"log","timestamp":1764391580188,"level":"debug","message":"Running chrome with params {\"printBackground\":true,\"timeout\":59974,\"margin\":{}}","meta":{"rootId":"ea166s6jkawgzhz","id":"ea166s6jkawgzhz"},"id":"p5lfllexg6x1mpb","previousOperationId":"h2ck5buwt581e17"}
{"type":"operationEnd","operationId":"h2ck5buwt581e17","timestamp":1764391580981,"id":"0kupfl7gkn7ir7q","previousEventId":"a1hilne2lxfg1f8","previousOperationId":"h2ck5buwt581e17"}
{"type":"log","timestamp":1764391580982,"level":"debug","message":"Skipping storing report.","meta":{"rootId":"ea166s6jkawgzhz","id":"ea166s6jkawgzhz"},"id":"xvye8urw00rao4i","previousOperationId":"h2ck5buwt581e17"}
{"type":"log","timestamp":1764391580982,"level":"info","message":"Rendering request 100 finished in 951 ms","meta":{"rootId":"ea166s6jkawgzhz","id":"ea166s6jkawgzhz"},"id":"xg6zv0vmwpfckke","previousOperationId":"h2ck5buwt581e17"}
{"type":"operationEnd","subtype":"render","operationId":"bqzsz59srycwjse","timestamp":1764391580982,"id":"owhdwk6ew9as15o","previousEventId":"0kupfl7gkn7ir7q","previousOperationId":"h2ck5buwt581e17"}
{"type":"operationEnd","doDiffs":false,"previousEventId":"49bqk65med6gvfa","previousOperationId":"u6u1a5dz61bg3zp","operationId":"u6u1a5dz61bg3zp","timestamp":1764391580983,"id":"yrlqvb2j0h8iluo"}
