{"type":"operationStart","subtype":"profile","data":{"_id":"rDysrL4Yi4jeVljz","timestamp":"2025-11-29T01:44:49.059Z","state":"queued","mode":"standard","creationDate":"2025-11-29T01:44:49.061Z","modificationDate":"2025-11-29T01:44:49.061Z","shortid":"QbAJkg8","$entitySet":"profiles"},"doDiffs":false,"timestamp":1764380689060,"id":"u2q70f0g3yhdl7t","previousOperationId":null,"operationId":"qrjw41u0aoqprjs"}
{"type":"log","level":"info","message":"Render request 3 queued for execution and waiting for available worker","previousOperationId":"qrjw41u0aoqprjs","timestamp":1764380689061,"id":"uvadnt2s5s0pnpa"}
{"type":"operationStart","subtype":"render","name":"prueba","previousOperationId":"qrjw41u0aoqprjs","timestamp":1764380689069,"id":"rpcia5ft73cipra","previousEventId":"u2q70f0g3yhdl7t","operationId":"s3ogm9zuvemmfju"}
{"type":"log","timestamp":1764380689069,"level":"info","message":"Starting rendering request 3","meta":{"rootId":"hamv7sjbzljq7zq","id":"hamv7sjbzljq7zq"},"id":"zrixrvssgknloeo","previousOperationId":"s3ogm9zuvemmfju"}
{"type":"log","timestamp":1764380689070,"level":"info","message":"Rendering template { name: prueba, recipe: chrome-pdf, engine: handlebars, preview: true }","meta":{"rootId":"hamv7sjbzljq7zq","id":"hamv7sjbzljq7zq"},"id":"ge9fhhkijhhlbkr","previousOperationId":"s3ogm9zuvemmfju"}
{"type":"log","timestamp":1764380689071,"level":"debug","message":"Adding sample data 2gs0fIjmb","meta":{"rootId":"hamv7sjbzljq7zq","id":"hamv7sjbzljq7zq"},"id":"7lm25aaba1trfyq","previousOperationId":"s3ogm9zuvemmfju"}
{"type":"log","timestamp":1764380689071,"level":"debug","message":"Base url not specified, skipping its injection.","meta":{"rootId":"hamv7sjbzljq7zq","id":"hamv7sjbzljq7zq"},"id":"l9rc4gmhdh83ben","previousOperationId":"s3ogm9zuvemmfju"}
{"type":"operationStart","subtype":"engine","name":"handlebars","timestamp":1764380689072,"id":"3vl9rk1j3q60w98","previousEventId":"rpcia5ft73cipra","operationId":"mjpwguhx79n2m93","previousOperationId":"s3ogm9zuvemmfju"}
{"type":"log","timestamp":1764380689072,"level":"debug","message":"Rendering engine handlebars","meta":{"rootId":"hamv7sjbzljq7zq","id":"hamv7sjbzljq7zq"},"id":"u6u5tp28ze6cu3w","previousOperationId":"mjpwguhx79n2m93"}
{"type":"operationEnd","operationId":"mjpwguhx79n2m93","timestamp":1764380689388,"id":"awwn4x3uexmudf8","previousEventId":"3vl9rk1j3q60w98","previousOperationId":"mjpwguhx79n2m93"}
{"type":"operationStart","subtype":"recipe","name":"chrome-pdf","timestamp":1764380689389,"id":"ohde75nynz9gnys","previousEventId":"awwn4x3uexmudf8","operationId":"88tvnxy23ssbcka","previousOperationId":"mjpwguhx79n2m93"}
{"type":"log","timestamp":1764380689389,"level":"debug","message":"Executing recipe chrome-pdf","meta":{"rootId":"hamv7sjbzljq7zq","id":"hamv7sjbzljq7zq"},"id":"fpu37sbual7swbe","previousOperationId":"88tvnxy23ssbcka"}
{"type":"log","timestamp":1764380689820,"level":"debug","message":"Converting with chrome Chrome/138.0.7204.168 using chrome-pool strategy","meta":{"rootId":"hamv7sjbzljq7zq","id":"hamv7sjbzljq7zq"},"id":"xyrnys9vbl68axv","previousOperationId":"88tvnxy23ssbcka"}
{"type":"log","timestamp":1764380689957,"level":"debug","message":"Page request: GET (document) file:///C:/Users/siste/AppData/Local/Temp/jsreport/autocleanup/b0a18aef-0f88-4182-94f1-cee9deb07f3c-chrome-pdf.html","meta":{"rootId":"hamv7sjbzljq7zq","id":"hamv7sjbzljq7zq"},"id":"uv4bqynbtz4gj2c","previousOperationId":"88tvnxy23ssbcka"}
{"type":"log","timestamp":1764380689979,"level":"debug","message":"Page request finished: GET (document) 200 file:///C:/Users/siste/AppData/Local/Temp/jsreport/autocleanup/b0a18aef-0f88-4182-94f1-cee9deb07f3c-chrome-pdf.html","meta":{"rootId":"hamv7sjbzljq7zq","id":"hamv7sjbzljq7zq"},"id":"w0h5ownpwkttspn","previousOperationId":"88tvnxy23ssbcka"}
{"type":"log","timestamp":1764380689987,"level":"debug","message":"Running chrome with params {\"printBackground\":true,\"timeout\":59659,\"margin\":{}}","meta":{"rootId":"hamv7sjbzljq7zq","id":"hamv7sjbzljq7zq"},"id":"reslbxmvupl2e5p","previousOperationId":"88tvnxy23ssbcka"}
{"type":"operationEnd","operationId":"88tvnxy23ssbcka","timestamp":1764380690248,"id":"yeihkyfh3jg58wd","previousEventId":"ohde75nynz9gnys","previousOperationId":"88tvnxy23ssbcka"}
{"type":"log","timestamp":1764380690250,"level":"debug","message":"Skipping storing report.","meta":{"rootId":"hamv7sjbzljq7zq","id":"hamv7sjbzljq7zq"},"id":"ms7hw980lao7a6s","previousOperationId":"88tvnxy23ssbcka"}
{"type":"log","timestamp":1764380690250,"level":"info","message":"Rendering request 3 finished in 1191 ms","meta":{"rootId":"hamv7sjbzljq7zq","id":"hamv7sjbzljq7zq"},"id":"3y1fu8168p5o8qp","previousOperationId":"88tvnxy23ssbcka"}
{"type":"operationEnd","subtype":"render","operationId":"s3ogm9zuvemmfju","timestamp":1764380690250,"id":"ic4j60qt41hsce8","previousEventId":"yeihkyfh3jg58wd","previousOperationId":"88tvnxy23ssbcka"}
{"type":"operationEnd","doDiffs":false,"previousEventId":"u2q70f0g3yhdl7t","previousOperationId":"qrjw41u0aoqprjs","operationId":"qrjw41u0aoqprjs","timestamp":1764380690256,"id":"t6sjqikbiy729y7"}
