{"type":"operationStart","subtype":"profile","data":{"_id":"7DAWvHwNc5Y4s8Xs","timestamp":"2025-11-29T04:46:26.941Z","state":"queued","mode":"standard","creationDate":"2025-11-29T04:46:26.942Z","modificationDate":"2025-11-29T04:46:26.942Z","shortid":"Mt6_Tqg","$entitySet":"profiles"},"doDiffs":false,"timestamp":1764391586941,"id":"2q95luvcg63mn1c","previousOperationId":null,"operationId":"5ivqwxnnhbb8w4x"}
{"type":"log","level":"info","message":"Render request 102 queued for execution and waiting for available worker","previousOperationId":"5ivqwxnnhbb8w4x","timestamp":1764391586941,"id":"3q31fckdn3eba9v"}
{"type":"operationStart","subtype":"render","name":"prueba","previousOperationId":"5ivqwxnnhbb8w4x","timestamp":1764391586948,"id":"tpoeob0xy8ybtbe","previousEventId":"2q95luvcg63mn1c","operationId":"7t5byu527rhlpyr"}
{"type":"log","timestamp":1764391586948,"level":"info","message":"Starting rendering request 102","meta":{"rootId":"ko2uo0mb2x9xspq","id":"ko2uo0mb2x9xspq"},"id":"2rgl1qc3ifcsguw","previousOperationId":"7t5byu527rhlpyr"}
{"type":"log","timestamp":1764391586948,"level":"info","message":"Rendering template { name: prueba, recipe: chrome-pdf, engine: handlebars, preview: false }","meta":{"rootId":"ko2uo0mb2x9xspq","id":"ko2uo0mb2x9xspq"},"id":"n9s6t88uh01n16p","previousOperationId":"7t5byu527rhlpyr"}
{"type":"log","timestamp":1764391586948,"level":"debug","message":"Inline data specified.","meta":{"rootId":"ko2uo0mb2x9xspq","id":"ko2uo0mb2x9xspq"},"id":"74jg0xqz9mm7sa2","previousOperationId":"7t5byu527rhlpyr"}
{"type":"log","timestamp":1764391586949,"level":"debug","message":"Base url not specified, skipping its injection.","meta":{"rootId":"ko2uo0mb2x9xspq","id":"ko2uo0mb2x9xspq"},"id":"gb6ta6rd3cmgf01","previousOperationId":"7t5byu527rhlpyr"}
{"type":"operationStart","subtype":"engine","name":"handlebars","timestamp":1764391586949,"id":"3e84if11yc1luuq","previousEventId":"tpoeob0xy8ybtbe","operationId":"wc2vwg7z0vaoslk","previousOperationId":"7t5byu527rhlpyr"}
{"type":"log","timestamp":1764391586949,"level":"debug","message":"Rendering engine handlebars","meta":{"rootId":"ko2uo0mb2x9xspq","id":"ko2uo0mb2x9xspq"},"id":"qfi7ch3qigwkrb1","previousOperationId":"wc2vwg7z0vaoslk"}
{"type":"operationEnd","operationId":"wc2vwg7z0vaoslk","timestamp":1764391586955,"id":"nafy0dj78dwdtmz","previousEventId":"3e84if11yc1luuq","previousOperationId":"wc2vwg7z0vaoslk"}
{"type":"operationStart","subtype":"recipe","name":"chrome-pdf","timestamp":1764391586956,"id":"y7drpqdzs0tfxi7","previousEventId":"nafy0dj78dwdtmz","operationId":"7rmy8t8bk698i74","previousOperationId":"wc2vwg7z0vaoslk"}
{"type":"log","timestamp":1764391586956,"level":"debug","message":"Executing recipe chrome-pdf","meta":{"rootId":"ko2uo0mb2x9xspq","id":"ko2uo0mb2x9xspq"},"id":"11su1ccb3taf79d","previousOperationId":"7rmy8t8bk698i74"}
{"type":"log","timestamp":1764391586958,"level":"debug","message":"Converting with chrome Chrome/138.0.7204.168 using chrome-pool strategy","meta":{"rootId":"ko2uo0mb2x9xspq","id":"ko2uo0mb2x9xspq"},"id":"tww2lhetd8248x8","previousOperationId":"7rmy8t8bk698i74"}
{"type":"log","timestamp":1764391587009,"level":"debug","message":"Page request: GET (document) file:///C:/Users/siste/AppData/Local/Temp/jsreport/autocleanup/f575ec6e-a874-4fdb-8889-4d95d23c91bf-chrome-pdf.html","meta":{"rootId":"ko2uo0mb2x9xspq","id":"ko2uo0mb2x9xspq"},"id":"u25tu0p86edfudu","previousOperationId":"7rmy8t8bk698i74"}
{"type":"log","timestamp":1764391587032,"level":"debug","message":"Page request finished: GET (document) 200 file:///C:/Users/siste/AppData/Local/Temp/jsreport/autocleanup/f575ec6e-a874-4fdb-8889-4d95d23c91bf-chrome-pdf.html","meta":{"rootId":"ko2uo0mb2x9xspq","id":"ko2uo0mb2x9xspq"},"id":"j3c3su901gpyp8k","previousOperationId":"7rmy8t8bk698i74"}
{"type":"log","timestamp":1764391587033,"level":"debug","message":"Page request: GET (image) https://res.cloudinary.com/dzpxozoua/image/upload/v1764384786/logo_acquahills_j8rcuq.png","meta":{"rootId":"ko2uo0mb2x9xspq","id":"ko2uo0mb2x9xspq"},"id":"x0i7fi3uizvyfbv","previousOperationId":"7rmy8t8bk698i74"}
{"type":"log","timestamp":1764391587038,"level":"debug","message":"Page request: GET (image) https://www.bancocajasocial.com/content/dam/bcs/contenido/imagenes-blog/0vxMggyPPMMUidkgD8Xr.jpg","meta":{"rootId":"ko2uo0mb2x9xspq","id":"ko2uo0mb2x9xspq"},"id":"4w9nuwcpjsxxp0b","previousOperationId":"7rmy8t8bk698i74"}
{"type":"log","timestamp":1764391587038,"level":"debug","message":"Page request: GET (image) https://upload.wikimedia.org/wikipedia/commons/d/d7/Commons_QR_code.png","meta":{"rootId":"ko2uo0mb2x9xspq","id":"ko2uo0mb2x9xspq"},"id":"8irimwnyn55g92u","previousOperationId":"7rmy8t8bk698i74"}
{"type":"log","timestamp":1764391587054,"level":"debug","message":"Page request finished: GET (image) 200 https://res.cloudinary.com/dzpxozoua/image/upload/v1764384786/logo_acquahills_j8rcuq.png","meta":{"rootId":"ko2uo0mb2x9xspq","id":"ko2uo0mb2x9xspq"},"id":"hz4wict3bq2ukzp","previousOperationId":"7rmy8t8bk698i74"}
{"type":"log","timestamp":1764391587054,"level":"debug","message":"Page request finished: GET (image) 200 https://www.bancocajasocial.com/content/dam/bcs/contenido/imagenes-blog/0vxMggyPPMMUidkgD8Xr.jpg","meta":{"rootId":"ko2uo0mb2x9xspq","id":"ko2uo0mb2x9xspq"},"id":"yybzugted0qr5ig","previousOperationId":"7rmy8t8bk698i74"}
{"type":"log","timestamp":1764391587054,"level":"debug","message":"Page request finished: GET (image) 200 https://upload.wikimedia.org/wikipedia/commons/d/d7/Commons_QR_code.png","meta":{"rootId":"ko2uo0mb2x9xspq","id":"ko2uo0mb2x9xspq"},"id":"kva26zgcf65dxac","previousOperationId":"7rmy8t8bk698i74"}
{"type":"log","timestamp":1764391587058,"level":"debug","message":"Running chrome with params {\"printBackground\":true,\"timeout\":59983,\"margin\":{}}","meta":{"rootId":"ko2uo0mb2x9xspq","id":"ko2uo0mb2x9xspq"},"id":"zeri5b5s3d4tc4o","previousOperationId":"7rmy8t8bk698i74"}
{"type":"operationEnd","operationId":"7rmy8t8bk698i74","timestamp":1764391587956,"id":"6tmi15i6jm1xq6j","previousEventId":"y7drpqdzs0tfxi7","previousOperationId":"7rmy8t8bk698i74"}
{"type":"log","timestamp":1764391587956,"level":"debug","message":"Skipping storing report.","meta":{"rootId":"ko2uo0mb2x9xspq","id":"ko2uo0mb2x9xspq"},"id":"3a4telvz268ggmn","previousOperationId":"7rmy8t8bk698i74"}
{"type":"log","timestamp":1764391587957,"level":"info","message":"Rendering request 102 finished in 1016 ms","meta":{"rootId":"ko2uo0mb2x9xspq","id":"ko2uo0mb2x9xspq"},"id":"70g01bwbcfly4fg","previousOperationId":"7rmy8t8bk698i74"}
{"type":"operationEnd","subtype":"render","operationId":"7t5byu527rhlpyr","timestamp":1764391587957,"id":"xpoqehzhp3wnpxy","previousEventId":"6tmi15i6jm1xq6j","previousOperationId":"7rmy8t8bk698i74"}
{"type":"operationEnd","doDiffs":false,"previousEventId":"2q95luvcg63mn1c","previousOperationId":"5ivqwxnnhbb8w4x","operationId":"5ivqwxnnhbb8w4x","timestamp":1764391587958,"id":"gccpae93ji93440"}
