{"type":"operationStart","subtype":"profile","data":{"_id":"OkObkgexhsaLiPQJ","timestamp":"2025-11-29T05:04:44.305Z","state":"queued","mode":"standard","creationDate":"2025-11-29T05:04:44.306Z","modificationDate":"2025-11-29T05:04:44.306Z","shortid":"l6YMGg0","$entitySet":"profiles"},"doDiffs":false,"timestamp":1764392684306,"id":"edaeq1q4wmhswil","previousOperationId":null,"operationId":"2a9odbhnsts2xj8"}
{"type":"log","level":"info","message":"Render request 104 queued for execution and waiting for available worker","previousOperationId":"2a9odbhnsts2xj8","timestamp":1764392684306,"id":"wrq55bdiqiiq9xw"}
{"type":"operationStart","subtype":"render","name":"prueba","previousOperationId":"2a9odbhnsts2xj8","timestamp":1764392684314,"id":"wp7gvf0s7dqj6ry","previousEventId":"edaeq1q4wmhswil","operationId":"ommh7ngb7p3eaee"}
{"type":"log","timestamp":1764392684314,"level":"info","message":"Starting rendering request 104","meta":{"rootId":"vrnrbwmjlga3us7","id":"vrnrbwmjlga3us7"},"id":"wc8i03nub2fzmds","previousOperationId":"ommh7ngb7p3eaee"}
{"type":"log","timestamp":1764392684314,"level":"info","message":"Rendering template { name: prueba, recipe: chrome-pdf, engine: handlebars, preview: false }","meta":{"rootId":"vrnrbwmjlga3us7","id":"vrnrbwmjlga3us7"},"id":"670mjnystanwsra","previousOperationId":"ommh7ngb7p3eaee"}
{"type":"log","timestamp":1764392684314,"level":"debug","message":"Inline data specified.","meta":{"rootId":"vrnrbwmjlga3us7","id":"vrnrbwmjlga3us7"},"id":"9trwq2bls4m2csu","previousOperationId":"ommh7ngb7p3eaee"}
{"type":"log","timestamp":1764392684314,"level":"debug","message":"Base url not specified, skipping its injection.","meta":{"rootId":"vrnrbwmjlga3us7","id":"vrnrbwmjlga3us7"},"id":"flgd76mv8gbaig9","previousOperationId":"ommh7ngb7p3eaee"}
{"type":"operationStart","subtype":"engine","name":"handlebars","timestamp":1764392684315,"id":"sen2cjhbbefnzzi","previousEventId":"wp7gvf0s7dqj6ry","operationId":"otxnhtdcsghsmji","previousOperationId":"ommh7ngb7p3eaee"}
{"type":"log","timestamp":1764392684315,"level":"debug","message":"Rendering engine handlebars","meta":{"rootId":"vrnrbwmjlga3us7","id":"vrnrbwmjlga3us7"},"id":"bpftgewtjekvox6","previousOperationId":"otxnhtdcsghsmji"}
{"type":"operationEnd","operationId":"otxnhtdcsghsmji","timestamp":1764392684319,"id":"t64068t02u2wx8c","previousEventId":"sen2cjhbbefnzzi","previousOperationId":"otxnhtdcsghsmji"}
{"type":"operationStart","subtype":"recipe","name":"chrome-pdf","timestamp":1764392684319,"id":"636ts71c05nqoav","previousEventId":"t64068t02u2wx8c","operationId":"ddaxzml8lvq4nrk","previousOperationId":"otxnhtdcsghsmji"}
{"type":"log","timestamp":1764392684319,"level":"debug","message":"Executing recipe chrome-pdf","meta":{"rootId":"vrnrbwmjlga3us7","id":"vrnrbwmjlga3us7"},"id":"i3wo93stss7uhcg","previousOperationId":"ddaxzml8lvq4nrk"}
{"type":"log","timestamp":1764392684321,"level":"debug","message":"Converting with chrome Chrome/138.0.7204.168 using chrome-pool strategy","meta":{"rootId":"vrnrbwmjlga3us7","id":"vrnrbwmjlga3us7"},"id":"bpft0j9glu42rkk","previousOperationId":"ddaxzml8lvq4nrk"}
{"type":"log","timestamp":1764392684373,"level":"debug","message":"Page request: GET (document) file:///C:/Users/siste/AppData/Local/Temp/jsreport/autocleanup/be95c3ae-1116-4e27-8c93-0965271baff2-chrome-pdf.html","meta":{"rootId":"vrnrbwmjlga3us7","id":"vrnrbwmjlga3us7"},"id":"93lpwsqsow3liw1","previousOperationId":"ddaxzml8lvq4nrk"}
{"type":"log","timestamp":1764392684394,"level":"debug","message":"Page request finished: GET (document) 200 file:///C:/Users/siste/AppData/Local/Temp/jsreport/autocleanup/be95c3ae-1116-4e27-8c93-0965271baff2-chrome-pdf.html","meta":{"rootId":"vrnrbwmjlga3us7","id":"vrnrbwmjlga3us7"},"id":"z4g57gye09yesfg","previousOperationId":"ddaxzml8lvq4nrk"}
{"type":"log","timestamp":1764392684396,"level":"debug","message":"Page request: GET (image) https://res.cloudinary.com/dzpxozoua/image/upload/v1764384786/logo_acquahills_j8rcuq.png","meta":{"rootId":"vrnrbwmjlga3us7","id":"vrnrbwmjlga3us7"},"id":"px69rimwij6lzc3","previousOperationId":"ddaxzml8lvq4nrk"}
{"type":"log","timestamp":1764392684402,"level":"debug","message":"Page request: GET (image) https://www.bancocajasocial.com/content/dam/bcs/contenido/imagenes-blog/0vxMggyPPMMUidkgD8Xr.jpg","meta":{"rootId":"vrnrbwmjlga3us7","id":"vrnrbwmjlga3us7"},"id":"3mr75tiw0xevfhi","previousOperationId":"ddaxzml8lvq4nrk"}
{"type":"log","timestamp":1764392684402,"level":"debug","message":"Page request: GET (image) https://upload.wikimedia.org/wikipedia/commons/d/d7/Commons_QR_code.png","meta":{"rootId":"vrnrbwmjlga3us7","id":"vrnrbwmjlga3us7"},"id":"zni6zu76vdsc21l","previousOperationId":"ddaxzml8lvq4nrk"}
{"type":"log","timestamp":1764392684419,"level":"debug","message":"Page request finished: GET (image) 200 https://res.cloudinary.com/dzpxozoua/image/upload/v1764384786/logo_acquahills_j8rcuq.png","meta":{"rootId":"vrnrbwmjlga3us7","id":"vrnrbwmjlga3us7"},"id":"6asyqr8ncusz9cc","previousOperationId":"ddaxzml8lvq4nrk"}
{"type":"log","timestamp":1764392684420,"level":"debug","message":"Page request finished: GET (image) 200 https://www.bancocajasocial.com/content/dam/bcs/contenido/imagenes-blog/0vxMggyPPMMUidkgD8Xr.jpg","meta":{"rootId":"vrnrbwmjlga3us7","id":"vrnrbwmjlga3us7"},"id":"nrs8yrpgimjceb0","previousOperationId":"ddaxzml8lvq4nrk"}
{"type":"log","timestamp":1764392684420,"level":"debug","message":"Page request finished: GET (image) 200 https://upload.wikimedia.org/wikipedia/commons/d/d7/Commons_QR_code.png","meta":{"rootId":"vrnrbwmjlga3us7","id":"vrnrbwmjlga3us7"},"id":"azuhohpfy9eayfy","previousOperationId":"ddaxzml8lvq4nrk"}
{"type":"log","timestamp":1764392684424,"level":"debug","message":"Running chrome with params {\"printBackground\":true,\"timeout\":59984,\"margin\":{}}","meta":{"rootId":"vrnrbwmjlga3us7","id":"vrnrbwmjlga3us7"},"id":"nsqsbppuwxpzy8c","previousOperationId":"ddaxzml8lvq4nrk"}
{"type":"operationEnd","operationId":"ddaxzml8lvq4nrk","timestamp":1764392684968,"id":"jo1hrw1t538smej","previousEventId":"636ts71c05nqoav","previousOperationId":"ddaxzml8lvq4nrk"}
{"type":"log","timestamp":1764392684968,"level":"debug","message":"Skipping storing report.","meta":{"rootId":"vrnrbwmjlga3us7","id":"vrnrbwmjlga3us7"},"id":"9ppq9iqdvi0gaxl","previousOperationId":"ddaxzml8lvq4nrk"}
{"type":"log","timestamp":1764392684968,"level":"info","message":"Rendering request 104 finished in 664 ms","meta":{"rootId":"vrnrbwmjlga3us7","id":"vrnrbwmjlga3us7"},"id":"xahxaej23b30aj7","previousOperationId":"ddaxzml8lvq4nrk"}
{"type":"operationEnd","subtype":"render","operationId":"ommh7ngb7p3eaee","timestamp":1764392684968,"id":"zeetonamqwk6ayy","previousEventId":"jo1hrw1t538smej","previousOperationId":"ddaxzml8lvq4nrk"}
{"type":"operationEnd","doDiffs":false,"previousEventId":"edaeq1q4wmhswil","previousOperationId":"2a9odbhnsts2xj8","operationId":"2a9odbhnsts2xj8","timestamp":1764392684969,"id":"r2pgw108cnk49wz"}
