{"type":"operationStart","subtype":"profile","data":{"_id":"9FTf7UiOA6Yqg4Sn","timestamp":"2025-11-29T04:46:29.837Z","state":"queued","mode":"standard","creationDate":"2025-11-29T04:46:29.839Z","modificationDate":"2025-11-29T04:46:29.839Z","shortid":"hibmlKY","$entitySet":"profiles"},"doDiffs":false,"timestamp":1764391589838,"id":"cei55bsn60hrrmh","previousOperationId":null,"operationId":"d0bu4ykfp0zd4mc"}
{"type":"log","level":"info","message":"Render request 103 queued for execution and waiting for available worker","previousOperationId":"d0bu4ykfp0zd4mc","timestamp":1764391589838,"id":"3op1zfd9oj3d9vc"}
{"type":"operationStart","subtype":"render","name":"prueba","previousOperationId":"d0bu4ykfp0zd4mc","timestamp":1764391589846,"id":"qot0ul9mcd1kegr","previousEventId":"cei55bsn60hrrmh","operationId":"5i43awk1rcecszr"}
{"type":"log","timestamp":1764391589846,"level":"info","message":"Starting rendering request 103","meta":{"rootId":"zcx45ab04b8n6zw","id":"zcx45ab04b8n6zw"},"id":"lhuxsh9ojj0jft8","previousOperationId":"5i43awk1rcecszr"}
{"type":"log","timestamp":1764391589846,"level":"info","message":"Rendering template { name: prueba, recipe: chrome-pdf, engine: handlebars, preview: false }","meta":{"rootId":"zcx45ab04b8n6zw","id":"zcx45ab04b8n6zw"},"id":"m6dp0lnlkijl2m0","previousOperationId":"5i43awk1rcecszr"}
{"type":"log","timestamp":1764391589846,"level":"debug","message":"Inline data specified.","meta":{"rootId":"zcx45ab04b8n6zw","id":"zcx45ab04b8n6zw"},"id":"59svj5wx7b92gpo","previousOperationId":"5i43awk1rcecszr"}
{"type":"log","timestamp":1764391589847,"level":"debug","message":"Base url not specified, skipping its injection.","meta":{"rootId":"zcx45ab04b8n6zw","id":"zcx45ab04b8n6zw"},"id":"yjzrqp8623bovma","previousOperationId":"5i43awk1rcecszr"}
{"type":"operationStart","subtype":"engine","name":"handlebars","timestamp":1764391589847,"id":"j1ubkgvqo656hx0","previousEventId":"qot0ul9mcd1kegr","operationId":"89p9aryp8q126ke","previousOperationId":"5i43awk1rcecszr"}
{"type":"log","timestamp":1764391589847,"level":"debug","message":"Rendering engine handlebars","meta":{"rootId":"zcx45ab04b8n6zw","id":"zcx45ab04b8n6zw"},"id":"sndx5xna5uq9723","previousOperationId":"89p9aryp8q126ke"}
{"type":"operationEnd","operationId":"89p9aryp8q126ke","timestamp":1764391589852,"id":"rywmtuhbp2mk7q0","previousEventId":"j1ubkgvqo656hx0","previousOperationId":"89p9aryp8q126ke"}
{"type":"operationStart","subtype":"recipe","name":"chrome-pdf","timestamp":1764391589852,"id":"g3dnx1z8l66p99k","previousEventId":"rywmtuhbp2mk7q0","operationId":"6b9cgqi6wptnm8b","previousOperationId":"89p9aryp8q126ke"}
{"type":"log","timestamp":1764391589852,"level":"debug","message":"Executing recipe chrome-pdf","meta":{"rootId":"zcx45ab04b8n6zw","id":"zcx45ab04b8n6zw"},"id":"pxyctv7blc7zk8d","previousOperationId":"6b9cgqi6wptnm8b"}
{"type":"log","timestamp":1764391589854,"level":"debug","message":"Converting with chrome Chrome/138.0.7204.168 using chrome-pool strategy","meta":{"rootId":"zcx45ab04b8n6zw","id":"zcx45ab04b8n6zw"},"id":"b7z1glvs8xabs1r","previousOperationId":"6b9cgqi6wptnm8b"}
{"type":"log","timestamp":1764391589912,"level":"debug","message":"Page request: GET (document) file:///C:/Users/siste/AppData/Local/Temp/jsreport/autocleanup/7c2c4e7f-2722-4280-b2fc-986a4961d481-chrome-pdf.html","meta":{"rootId":"zcx45ab04b8n6zw","id":"zcx45ab04b8n6zw"},"id":"7g69negncl95ecr","previousOperationId":"6b9cgqi6wptnm8b"}
{"type":"log","timestamp":1764391589941,"level":"debug","message":"Page request finished: GET (document) 200 file:///C:/Users/siste/AppData/Local/Temp/jsreport/autocleanup/7c2c4e7f-2722-4280-b2fc-986a4961d481-chrome-pdf.html","meta":{"rootId":"zcx45ab04b8n6zw","id":"zcx45ab04b8n6zw"},"id":"tf5n1e2l2p6ihdy","previousOperationId":"6b9cgqi6wptnm8b"}
{"type":"log","timestamp":1764391589946,"level":"debug","message":"Page request: GET (image) https://res.cloudinary.com/dzpxozoua/image/upload/v1764384786/logo_acquahills_j8rcuq.png","meta":{"rootId":"zcx45ab04b8n6zw","id":"zcx45ab04b8n6zw"},"id":"9tvnj4yelmygh1u","previousOperationId":"6b9cgqi6wptnm8b"}
{"type":"log","timestamp":1764391589946,"level":"debug","message":"Page request: GET (image) https://www.bancocajasocial.com/content/dam/bcs/contenido/imagenes-blog/0vxMggyPPMMUidkgD8Xr.jpg","meta":{"rootId":"zcx45ab04b8n6zw","id":"zcx45ab04b8n6zw"},"id":"m3vc53sbcdrmrkp","previousOperationId":"6b9cgqi6wptnm8b"}
{"type":"log","timestamp":1764391589947,"level":"debug","message":"Page request: GET (image) https://upload.wikimedia.org/wikipedia/commons/d/d7/Commons_QR_code.png","meta":{"rootId":"zcx45ab04b8n6zw","id":"zcx45ab04b8n6zw"},"id":"tzzer6u959bcifi","previousOperationId":"6b9cgqi6wptnm8b"}
{"type":"log","timestamp":1764391589969,"level":"debug","message":"Page request finished: GET (image) 200 https://www.bancocajasocial.com/content/dam/bcs/contenido/imagenes-blog/0vxMggyPPMMUidkgD8Xr.jpg","meta":{"rootId":"zcx45ab04b8n6zw","id":"zcx45ab04b8n6zw"},"id":"8tfwp7xmnnias9q","previousOperationId":"6b9cgqi6wptnm8b"}
{"type":"log","timestamp":1764391589972,"level":"debug","message":"Page request finished: GET (image) 200 https://res.cloudinary.com/dzpxozoua/image/upload/v1764384786/logo_acquahills_j8rcuq.png","meta":{"rootId":"zcx45ab04b8n6zw","id":"zcx45ab04b8n6zw"},"id":"dva57hl3f9kot67","previousOperationId":"6b9cgqi6wptnm8b"}
{"type":"log","timestamp":1764391589973,"level":"debug","message":"Page request finished: GET (image) 200 https://upload.wikimedia.org/wikipedia/commons/d/d7/Commons_QR_code.png","meta":{"rootId":"zcx45ab04b8n6zw","id":"zcx45ab04b8n6zw"},"id":"m5z47jo25lr8ml9","previousOperationId":"6b9cgqi6wptnm8b"}
{"type":"log","timestamp":1764391589978,"level":"debug","message":"Running chrome with params {\"printBackground\":true,\"timeout\":59984,\"margin\":{}}","meta":{"rootId":"zcx45ab04b8n6zw","id":"zcx45ab04b8n6zw"},"id":"9n2tuaybmw6vjck","previousOperationId":"6b9cgqi6wptnm8b"}
{"type":"operationEnd","operationId":"6b9cgqi6wptnm8b","timestamp":1764391590813,"id":"2diojcuzf26aspq","previousEventId":"g3dnx1z8l66p99k","previousOperationId":"6b9cgqi6wptnm8b"}
{"type":"log","timestamp":1764391590813,"level":"debug","message":"Skipping storing report.","meta":{"rootId":"zcx45ab04b8n6zw","id":"zcx45ab04b8n6zw"},"id":"mxdwn7co50a3c51","previousOperationId":"6b9cgqi6wptnm8b"}
{"type":"log","timestamp":1764391590813,"level":"info","message":"Rendering request 103 finished in 976 ms","meta":{"rootId":"zcx45ab04b8n6zw","id":"zcx45ab04b8n6zw"},"id":"b2xsg6vdf6ixf1z","previousOperationId":"6b9cgqi6wptnm8b"}
{"type":"operationEnd","subtype":"render","operationId":"5i43awk1rcecszr","timestamp":1764391590813,"id":"v7w1zgv5b4p9cqt","previousEventId":"2diojcuzf26aspq","previousOperationId":"6b9cgqi6wptnm8b"}
{"type":"operationEnd","doDiffs":false,"previousEventId":"cei55bsn60hrrmh","previousOperationId":"d0bu4ykfp0zd4mc","operationId":"d0bu4ykfp0zd4mc","timestamp":1764391590815,"id":"k28vwcqrsq9lp2c"}
