{"type":"operationStart","subtype":"profile","data":{"_id":"DynPuau0f3cNm8GX","timestamp":"2025-12-02T16:09:10.608Z","state":"queued","mode":"standard","creationDate":"2025-12-02T16:09:10.609Z","modificationDate":"2025-12-02T16:09:10.609Z","shortid":"P49n3xp","$entitySet":"profiles"},"doDiffs":false,"timestamp":1764691750609,"id":"w6k6v1sgbpklbvd","previousOperationId":null,"operationId":"q6y90ekf6t8ugd6"}
{"type":"log","level":"info","message":"Render request 14 queued for execution and waiting for available worker","previousOperationId":"q6y90ekf6t8ugd6","timestamp":1764691750609,"id":"06lkwypcx2hjwqa"}
{"type":"operationStart","subtype":"render","name":"header-footer","previousOperationId":"q6y90ekf6t8ugd6","timestamp":1764691750617,"id":"rl97o5nrc1i3lyw","previousEventId":"w6k6v1sgbpklbvd","operationId":"1da6c3na2bsim9t"}
{"type":"log","timestamp":1764691750617,"level":"info","message":"Starting rendering request 14","meta":{"rootId":"oagm4o5dls5h3ln","id":"oagm4o5dls5h3ln"},"id":"4qxhe5jazp9kkv6","previousOperationId":"1da6c3na2bsim9t"}
{"type":"log","timestamp":1764691750618,"level":"info","message":"Rendering template { name: header-footer, recipe: chrome-pdf, engine: handlebars, preview: true }","meta":{"rootId":"oagm4o5dls5h3ln","id":"oagm4o5dls5h3ln"},"id":"7qhwho06gajxp65","previousOperationId":"1da6c3na2bsim9t"}
{"type":"log","timestamp":1764691750618,"level":"debug","message":"Data item not defined for this template.","meta":{"rootId":"oagm4o5dls5h3ln","id":"oagm4o5dls5h3ln"},"id":"y7wyeqpxgtyrm7k","previousOperationId":"1da6c3na2bsim9t"}
{"type":"log","timestamp":1764691750618,"level":"debug","message":"Base url not specified, skipping its injection.","meta":{"rootId":"oagm4o5dls5h3ln","id":"oagm4o5dls5h3ln"},"id":"u9rn37jp5nc2jrr","previousOperationId":"1da6c3na2bsim9t"}
{"type":"operationStart","subtype":"engine","name":"handlebars","timestamp":1764691750618,"id":"ue0bbl2ma3xrgja","previousEventId":"rl97o5nrc1i3lyw","operationId":"leznxju2hdv62th","previousOperationId":"1da6c3na2bsim9t"}
{"type":"log","timestamp":1764691750618,"level":"debug","message":"Rendering engine handlebars","meta":{"rootId":"oagm4o5dls5h3ln","id":"oagm4o5dls5h3ln"},"id":"dt16dedttdfztf8","previousOperationId":"leznxju2hdv62th"}
{"type":"operationEnd","operationId":"leznxju2hdv62th","timestamp":1764691750628,"id":"bb618denl98hno4","previousEventId":"ue0bbl2ma3xrgja","previousOperationId":"leznxju2hdv62th"}
{"type":"operationStart","subtype":"recipe","name":"chrome-pdf","timestamp":1764691750628,"id":"8yumif9pg5j55ln","previousEventId":"bb618denl98hno4","operationId":"y52w1agtpf16it6","previousOperationId":"leznxju2hdv62th"}
{"type":"log","timestamp":1764691750628,"level":"debug","message":"Executing recipe chrome-pdf","meta":{"rootId":"oagm4o5dls5h3ln","id":"oagm4o5dls5h3ln"},"id":"pf9g6nhk6p3tbp2","previousOperationId":"y52w1agtpf16it6"}
{"type":"log","timestamp":1764691750631,"level":"debug","message":"Converting with chrome Chrome/138.0.7204.168 using chrome-pool strategy","meta":{"rootId":"oagm4o5dls5h3ln","id":"oagm4o5dls5h3ln"},"id":"xdxxce9xx0wtph1","previousOperationId":"y52w1agtpf16it6"}
{"type":"log","timestamp":1764691750688,"level":"debug","message":"Page request: GET (document) file:///C:/Users/siste/AppData/Local/Temp/jsreport/autocleanup/4c58bb69-1f8b-4671-bda6-29aae3d236a8-chrome-pdf.html","meta":{"rootId":"oagm4o5dls5h3ln","id":"oagm4o5dls5h3ln"},"id":"dkbah81j32kbpc7","previousOperationId":"y52w1agtpf16it6"}
{"type":"log","timestamp":1764691750709,"level":"debug","message":"Page request finished: GET (document) 200 file:///C:/Users/siste/AppData/Local/Temp/jsreport/autocleanup/4c58bb69-1f8b-4671-bda6-29aae3d236a8-chrome-pdf.html","meta":{"rootId":"oagm4o5dls5h3ln","id":"oagm4o5dls5h3ln"},"id":"kywalbvwr0c365t","previousOperationId":"y52w1agtpf16it6"}
{"type":"log","timestamp":1764691750717,"level":"debug","message":"Running chrome with params {\"timeout\":59977,\"margin\":{},\"printBackground\":true}","meta":{"rootId":"oagm4o5dls5h3ln","id":"oagm4o5dls5h3ln"},"id":"kofo2gs1xbs8wvz","previousOperationId":"y52w1agtpf16it6"}
{"type":"operationEnd","operationId":"y52w1agtpf16it6","timestamp":1764691750790,"id":"3hqfwji3a48rp2y","previousEventId":"8yumif9pg5j55ln","previousOperationId":"y52w1agtpf16it6"}
{"type":"log","timestamp":1764691750790,"level":"debug","message":"Skipping storing report.","meta":{"rootId":"oagm4o5dls5h3ln","id":"oagm4o5dls5h3ln"},"id":"isre27vvx2z3uc4","previousOperationId":"y52w1agtpf16it6"}
{"type":"log","timestamp":1764691750790,"level":"info","message":"Rendering request 14 finished in 183 ms","meta":{"rootId":"oagm4o5dls5h3ln","id":"oagm4o5dls5h3ln"},"id":"14t79lf2fuswr7k","previousOperationId":"y52w1agtpf16it6"}
{"type":"operationEnd","subtype":"render","operationId":"1da6c3na2bsim9t","timestamp":1764691750790,"id":"jje6eosup8u73g2","previousEventId":"3hqfwji3a48rp2y","previousOperationId":"y52w1agtpf16it6"}
{"type":"operationEnd","doDiffs":false,"previousEventId":"w6k6v1sgbpklbvd","previousOperationId":"q6y90ekf6t8ugd6","operationId":"q6y90ekf6t8ugd6","timestamp":1764691750793,"id":"qf2nbf45aibuyg0"}
