{"type":"operationStart","subtype":"profile","data":{"_id":"Qo7uwUy9iT2YcKiF","timestamp":"2025-12-02T16:16:48.906Z","state":"queued","mode":"standard","creationDate":"2025-12-02T16:16:48.907Z","modificationDate":"2025-12-02T16:16:48.907Z","shortid":"Ql-xtsj","$entitySet":"profiles"},"doDiffs":false,"timestamp":1764692208907,"id":"beur487m741vc1b","previousOperationId":null,"operationId":"me5i9md4yiu8bjb"}
{"type":"log","level":"info","message":"Render request 33 queued for execution and waiting for available worker","previousOperationId":"me5i9md4yiu8bjb","timestamp":1764692208907,"id":"c6bn1w2bhmwicmp"}
{"type":"operationStart","subtype":"render","name":"header-footer","previousOperationId":"me5i9md4yiu8bjb","timestamp":1764692208915,"id":"gl01rmf4wxwysad","previousEventId":"beur487m741vc1b","operationId":"m76tvzkfb7moug4"}
{"type":"log","timestamp":1764692208915,"level":"info","message":"Starting rendering request 33","meta":{"rootId":"r2i9abl1odi0q2l","id":"r2i9abl1odi0q2l"},"id":"zni8k10ori930cl","previousOperationId":"m76tvzkfb7moug4"}
{"type":"log","timestamp":1764692208915,"level":"info","message":"Rendering template { name: header-footer, recipe: chrome-pdf, engine: handlebars, preview: true }","meta":{"rootId":"r2i9abl1odi0q2l","id":"r2i9abl1odi0q2l"},"id":"l9ygz6i1qn2iq9g","previousOperationId":"m76tvzkfb7moug4"}
{"type":"log","timestamp":1764692208915,"level":"debug","message":"Data item not defined for this template.","meta":{"rootId":"r2i9abl1odi0q2l","id":"r2i9abl1odi0q2l"},"id":"dot9yw88hcy4q5d","previousOperationId":"m76tvzkfb7moug4"}
{"type":"log","timestamp":1764692208918,"level":"debug","message":"Base url not specified, skipping its injection.","meta":{"rootId":"r2i9abl1odi0q2l","id":"r2i9abl1odi0q2l"},"id":"jdb7s8ym2fslbo3","previousOperationId":"m76tvzkfb7moug4"}
{"type":"operationStart","subtype":"engine","name":"handlebars","timestamp":1764692208918,"id":"u5zx7fy5h2qxluw","previousEventId":"gl01rmf4wxwysad","operationId":"vptsf3xrqg6zq27","previousOperationId":"m76tvzkfb7moug4"}
{"type":"log","timestamp":1764692208918,"level":"debug","message":"Rendering engine handlebars","meta":{"rootId":"r2i9abl1odi0q2l","id":"r2i9abl1odi0q2l"},"id":"3kb41twuafrkcl0","previousOperationId":"vptsf3xrqg6zq27"}
{"type":"operationEnd","operationId":"vptsf3xrqg6zq27","timestamp":1764692208922,"id":"d9ibd1y0hiiq79w","previousEventId":"u5zx7fy5h2qxluw","previousOperationId":"vptsf3xrqg6zq27"}
{"type":"operationStart","subtype":"recipe","name":"chrome-pdf","timestamp":1764692208922,"id":"2a14emusu5u24ty","previousEventId":"d9ibd1y0hiiq79w","operationId":"gnvdkgsy7no4bpt","previousOperationId":"vptsf3xrqg6zq27"}
{"type":"log","timestamp":1764692208922,"level":"debug","message":"Executing recipe chrome-pdf","meta":{"rootId":"r2i9abl1odi0q2l","id":"r2i9abl1odi0q2l"},"id":"yw1vv70g8o3payt","previousOperationId":"gnvdkgsy7no4bpt"}
{"type":"log","timestamp":1764692208925,"level":"debug","message":"Converting with chrome Chrome/138.0.7204.168 using chrome-pool strategy","meta":{"rootId":"r2i9abl1odi0q2l","id":"r2i9abl1odi0q2l"},"id":"emhh4asb4fgvkxa","previousOperationId":"gnvdkgsy7no4bpt"}
{"type":"log","timestamp":1764692208986,"level":"debug","message":"Page request: GET (document) file:///C:/Users/siste/AppData/Local/Temp/jsreport/autocleanup/a8936948-952a-4bec-b701-a38e80c0fe0d-chrome-pdf.html","meta":{"rootId":"r2i9abl1odi0q2l","id":"r2i9abl1odi0q2l"},"id":"sqt3v4f1swq7t3n","previousOperationId":"gnvdkgsy7no4bpt"}
{"type":"log","timestamp":1764692209011,"level":"debug","message":"Page request finished: GET (document) 200 file:///C:/Users/siste/AppData/Local/Temp/jsreport/autocleanup/a8936948-952a-4bec-b701-a38e80c0fe0d-chrome-pdf.html","meta":{"rootId":"r2i9abl1odi0q2l","id":"r2i9abl1odi0q2l"},"id":"nns360dit674lsz","previousOperationId":"gnvdkgsy7no4bpt"}
{"type":"log","timestamp":1764692209015,"level":"debug","message":"Running chrome with params {\"timeout\":59982,\"margin\":{},\"printBackground\":true}","meta":{"rootId":"r2i9abl1odi0q2l","id":"r2i9abl1odi0q2l"},"id":"ubhz93v54jvvxa2","previousOperationId":"gnvdkgsy7no4bpt"}
{"type":"operationEnd","operationId":"gnvdkgsy7no4bpt","timestamp":1764692209102,"id":"m5gdnxkhynbucd5","previousEventId":"2a14emusu5u24ty","previousOperationId":"gnvdkgsy7no4bpt"}
{"type":"log","timestamp":1764692209102,"level":"debug","message":"Skipping storing report.","meta":{"rootId":"r2i9abl1odi0q2l","id":"r2i9abl1odi0q2l"},"id":"ym6xsomwr040j1b","previousOperationId":"gnvdkgsy7no4bpt"}
{"type":"log","timestamp":1764692209102,"level":"info","message":"Rendering request 33 finished in 196 ms","meta":{"rootId":"r2i9abl1odi0q2l","id":"r2i9abl1odi0q2l"},"id":"95dzzp29ctr5gfo","previousOperationId":"gnvdkgsy7no4bpt"}
{"type":"operationEnd","subtype":"render","operationId":"m76tvzkfb7moug4","timestamp":1764692209102,"id":"1tzb1042p4spp6x","previousEventId":"m5gdnxkhynbucd5","previousOperationId":"gnvdkgsy7no4bpt"}
{"type":"operationEnd","doDiffs":false,"previousEventId":"beur487m741vc1b","previousOperationId":"me5i9md4yiu8bjb","operationId":"me5i9md4yiu8bjb","timestamp":1764692209104,"id":"bvkqz8vo0d6a4sq"}
