{"type":"operationStart","subtype":"profile","data":{"_id":"OJeKTfqW5Z8nDwkH","timestamp":"2025-12-02T17:04:22.454Z","state":"queued","mode":"standard","creationDate":"2025-12-02T17:04:22.456Z","modificationDate":"2025-12-02T17:04:22.456Z","shortid":"8JuVyBn","$entitySet":"profiles"},"doDiffs":false,"timestamp":1764695062455,"id":"37nnf9yx6mpb58i","previousOperationId":null,"operationId":"z6mlxpvfi9vcvt8"}
{"type":"log","level":"info","message":"Render request 13 queued for execution and waiting for available worker","previousOperationId":"z6mlxpvfi9vcvt8","timestamp":1764695062455,"id":"yzrw52tbt4miqdj"}
{"type":"operationStart","subtype":"render","name":"achills","previousOperationId":"z6mlxpvfi9vcvt8","timestamp":1764695062463,"id":"i0heyhplsprxj6l","previousEventId":"37nnf9yx6mpb58i","operationId":"9mwq94vsxexvu9g"}
{"type":"log","timestamp":1764695062463,"level":"info","message":"Starting rendering request 13","meta":{"rootId":"9pxcxuhtc3i14vs","id":"9pxcxuhtc3i14vs"},"id":"nye7edcvpzk42py","previousOperationId":"9mwq94vsxexvu9g"}
{"type":"log","timestamp":1764695062463,"level":"info","message":"Rendering template { name: achills, recipe: chrome-pdf, engine: handlebars, preview: true }","meta":{"rootId":"9pxcxuhtc3i14vs","id":"9pxcxuhtc3i14vs"},"id":"3w91mlmtma9non6","previousOperationId":"9mwq94vsxexvu9g"}
{"type":"log","timestamp":1764695062463,"level":"debug","message":"Adding sample data 2gs0fIjmb","meta":{"rootId":"9pxcxuhtc3i14vs","id":"9pxcxuhtc3i14vs"},"id":"mwzajimi88x4upg","previousOperationId":"9mwq94vsxexvu9g"}
{"type":"log","timestamp":1764695062464,"level":"debug","message":"Base url not specified, skipping its injection.","meta":{"rootId":"9pxcxuhtc3i14vs","id":"9pxcxuhtc3i14vs"},"id":"dhk0u9c7l580gh6","previousOperationId":"9mwq94vsxexvu9g"}
{"type":"operationStart","subtype":"engine","name":"handlebars","timestamp":1764695062464,"id":"upy5mgleof10hfo","previousEventId":"i0heyhplsprxj6l","operationId":"mkq86b1xfggnpkq","previousOperationId":"9mwq94vsxexvu9g"}
{"type":"log","timestamp":1764695062464,"level":"debug","message":"Rendering engine handlebars","meta":{"rootId":"9pxcxuhtc3i14vs","id":"9pxcxuhtc3i14vs"},"id":"m7byr59bkofkqk2","previousOperationId":"mkq86b1xfggnpkq"}
{"type":"operationEnd","operationId":"mkq86b1xfggnpkq","timestamp":1764695062470,"id":"z8qwd23di1wxap9","previousEventId":"upy5mgleof10hfo","previousOperationId":"mkq86b1xfggnpkq"}
{"type":"operationStart","subtype":"recipe","name":"chrome-pdf","timestamp":1764695062470,"id":"i6qqr03hp7ljc92","previousEventId":"z8qwd23di1wxap9","operationId":"jpod3frj7eh14x1","previousOperationId":"mkq86b1xfggnpkq"}
{"type":"log","timestamp":1764695062470,"level":"debug","message":"Executing recipe chrome-pdf","meta":{"rootId":"9pxcxuhtc3i14vs","id":"9pxcxuhtc3i14vs"},"id":"r68ielqp16uqt81","previousOperationId":"jpod3frj7eh14x1"}
{"type":"log","timestamp":1764695062472,"level":"debug","message":"Converting with chrome Chrome/138.0.7204.168 using chrome-pool strategy","meta":{"rootId":"9pxcxuhtc3i14vs","id":"9pxcxuhtc3i14vs"},"id":"01youbm8zdaj4ea","previousOperationId":"jpod3frj7eh14x1"}
{"type":"log","timestamp":1764695062525,"level":"debug","message":"Page request: GET (document) file:///C:/Users/siste/AppData/Local/Temp/jsreport/autocleanup/4a166f75-46df-4f79-8ab4-351d1717f53b-chrome-pdf.html","meta":{"rootId":"9pxcxuhtc3i14vs","id":"9pxcxuhtc3i14vs"},"id":"6cb5cfaf0h6x1y0","previousOperationId":"jpod3frj7eh14x1"}
{"type":"log","timestamp":1764695062548,"level":"debug","message":"Page request finished: GET (document) 200 file:///C:/Users/siste/AppData/Local/Temp/jsreport/autocleanup/4a166f75-46df-4f79-8ab4-351d1717f53b-chrome-pdf.html","meta":{"rootId":"9pxcxuhtc3i14vs","id":"9pxcxuhtc3i14vs"},"id":"y9pilsocpwft7ub","previousOperationId":"jpod3frj7eh14x1"}
{"type":"log","timestamp":1764695062556,"level":"debug","message":"Running chrome with params {\"printBackground\":true,\"marginTop\":\"2cm\",\"marginBottom\":\"2cm\",\"timeout\":59983,\"margin\":{\"top\":\"2cm\",\"bottom\":\"2cm\"}}","meta":{"rootId":"9pxcxuhtc3i14vs","id":"9pxcxuhtc3i14vs"},"id":"zn0q0qokob4zj70","previousOperationId":"jpod3frj7eh14x1"}
{"type":"operationEnd","operationId":"jpod3frj7eh14x1","timestamp":1764695062632,"id":"geba0x5bunt5bgj","previousEventId":"i6qqr03hp7ljc92","previousOperationId":"jpod3frj7eh14x1"}
{"type":"log","timestamp":1764695062632,"level":"info","message":"pdf-utils is starting pdf processing","meta":{"rootId":"9pxcxuhtc3i14vs","id":"9pxcxuhtc3i14vs"},"id":"2exh2ng0zu5749m","previousOperationId":"jpod3frj7eh14x1"}
{"type":"operationStart","subtype":"pdfUtils","name":"pdf utils","timestamp":1764695062825,"id":"8xm5t2ws5kbpvjs","previousEventId":"geba0x5bunt5bgj","operationId":"ue1podzd6b5hm8o","previousOperationId":"jpod3frj7eh14x1"}
{"type":"log","timestamp":1764695062825,"level":"debug","message":"pdf-utils detected 1 pdf operation(s) to process","meta":{"rootId":"9pxcxuhtc3i14vs","id":"9pxcxuhtc3i14vs"},"id":"v3gg6chc04itqra","previousOperationId":"ue1podzd6b5hm8o"}
{"type":"log","timestamp":1764695062831,"level":"debug","message":"pdf-utils running pdf operation merge","meta":{"rootId":"9pxcxuhtc3i14vs","id":"9pxcxuhtc3i14vs"},"id":"7400pqa0nu5zdox","previousOperationId":"ue1podzd6b5hm8o"}
{"type":"operationStart","subtype":"pdfUtilsMerge","name":"pdf utils merge","previousOperationId":"ue1podzd6b5hm8o","timestamp":1764695062831,"id":"1hcnv7xev2em07r","previousEventId":"8xm5t2ws5kbpvjs","operationId":"e5zkj67pogxy9e5"}
{"type":"operationStart","subtype":"render","name":"header","previousOperationId":"e5zkj67pogxy9e5","timestamp":1764695062833,"id":"ifvrivsw1uo2aps","previousEventId":"1hcnv7xev2em07r","operationId":"1faf3adnphukvk4"}
{"type":"log","timestamp":1764695062833,"level":"info","message":"Starting rendering (child) request","meta":{"rootId":"9pxcxuhtc3i14vs","id":"lad7ncisl6cnkac"},"id":"wk0ymk40vh1o751","previousOperationId":"1faf3adnphukvk4"}
{"type":"log","timestamp":1764695062833,"level":"info","message":"Rendering template { name: header, recipe: chrome-pdf, engine: handlebars, preview: true }","meta":{"rootId":"9pxcxuhtc3i14vs","id":"lad7ncisl6cnkac"},"id":"ete55u2tbfv4f7h","previousOperationId":"1faf3adnphukvk4"}
{"type":"log","timestamp":1764695062833,"level":"debug","message":"Inline data specified.","meta":{"rootId":"9pxcxuhtc3i14vs","id":"lad7ncisl6cnkac"},"id":"09rso27sdkaaxbb","previousOperationId":"1faf3adnphukvk4"}
{"type":"log","timestamp":1764695062836,"level":"debug","message":"Base url not specified, skipping its injection.","meta":{"rootId":"9pxcxuhtc3i14vs","id":"lad7ncisl6cnkac"},"id":"diyni6xq0vln5su","previousOperationId":"1faf3adnphukvk4"}
{"type":"operationStart","subtype":"engine","name":"handlebars","timestamp":1764695062836,"id":"2uhbl9it6pwb89j","previousEventId":"ifvrivsw1uo2aps","operationId":"bvla8u6mq83k7hc","previousOperationId":"1faf3adnphukvk4"}
{"type":"log","timestamp":1764695062836,"level":"debug","message":"Rendering engine handlebars","meta":{"rootId":"9pxcxuhtc3i14vs","id":"lad7ncisl6cnkac"},"id":"jv7es2ca4zn0jaf","previousOperationId":"bvla8u6mq83k7hc"}
{"type":"operationEnd","operationId":"bvla8u6mq83k7hc","timestamp":1764695062842,"id":"hel23h2fzu2s2hk","previousEventId":"2uhbl9it6pwb89j","previousOperationId":"bvla8u6mq83k7hc"}
{"type":"operationStart","subtype":"recipe","name":"chrome-pdf","timestamp":1764695062842,"id":"d3f4k98o7owploy","previousEventId":"hel23h2fzu2s2hk","operationId":"bqpz2fdltleb9yr","previousOperationId":"bvla8u6mq83k7hc"}
{"type":"log","timestamp":1764695062842,"level":"debug","message":"Executing recipe chrome-pdf","meta":{"rootId":"9pxcxuhtc3i14vs","id":"lad7ncisl6cnkac"},"id":"c598skrch0a829q","previousOperationId":"bqpz2fdltleb9yr"}
{"type":"log","timestamp":1764695062844,"level":"debug","message":"Converting with chrome Chrome/138.0.7204.168 using chrome-pool strategy","meta":{"rootId":"9pxcxuhtc3i14vs","id":"lad7ncisl6cnkac"},"id":"jfx7eqafzwkj6gq","previousOperationId":"bqpz2fdltleb9yr"}
{"type":"log","timestamp":1764695062892,"level":"debug","message":"Page request: GET (document) file:///C:/Users/siste/AppData/Local/Temp/jsreport/autocleanup/470c6581-95ca-4853-9f9b-08f5b998d0b5-chrome-pdf.html","meta":{"rootId":"9pxcxuhtc3i14vs","id":"lad7ncisl6cnkac"},"id":"a0ygxkpkdfn1t8m","previousOperationId":"bqpz2fdltleb9yr"}
{"type":"log","timestamp":1764695062911,"level":"debug","message":"Page request finished: GET (document) 200 file:///C:/Users/siste/AppData/Local/Temp/jsreport/autocleanup/470c6581-95ca-4853-9f9b-08f5b998d0b5-chrome-pdf.html","meta":{"rootId":"9pxcxuhtc3i14vs","id":"lad7ncisl6cnkac"},"id":"w2gce62pam368rk","previousOperationId":"bqpz2fdltleb9yr"}
{"type":"log","timestamp":1764695062918,"level":"debug","message":"Running chrome with params {\"timeout\":59610,\"margin\":{},\"printBackground\":true}","meta":{"rootId":"9pxcxuhtc3i14vs","id":"lad7ncisl6cnkac"},"id":"ha0cgwea4dg5yhm","previousOperationId":"bqpz2fdltleb9yr"}
{"type":"operationEnd","operationId":"bqpz2fdltleb9yr","timestamp":1764695063037,"id":"z2gmlqioh3wf8rd","previousEventId":"d3f4k98o7owploy","previousOperationId":"bqpz2fdltleb9yr"}
{"type":"log","timestamp":1764695063037,"level":"debug","message":"Skipping storing report.","meta":{"rootId":"9pxcxuhtc3i14vs","id":"lad7ncisl6cnkac"},"id":"95cpqmiiozj0087","previousOperationId":"bqpz2fdltleb9yr"}
{"type":"log","timestamp":1764695063038,"level":"info","message":"Rendering (child) request finished in 584 ms","meta":{"rootId":"9pxcxuhtc3i14vs","id":"lad7ncisl6cnkac"},"id":"56cdg3jyce6zf8q","previousOperationId":"bqpz2fdltleb9yr"}
{"type":"operationEnd","subtype":"render","operationId":"1faf3adnphukvk4","timestamp":1764695063038,"id":"5ilxevjk0z7l0uo","previousEventId":"z2gmlqioh3wf8rd","previousOperationId":"bqpz2fdltleb9yr"}
{"type":"operationEnd","operationId":"e5zkj67pogxy9e5","timestamp":1764695063052,"id":"nn8azvsylpe6xkm","previousEventId":"1hcnv7xev2em07r","previousOperationId":"e5zkj67pogxy9e5"}
{"type":"log","timestamp":1764695063052,"level":"debug","message":"pdf-utils postprocess start","meta":{"rootId":"9pxcxuhtc3i14vs","id":"9pxcxuhtc3i14vs"},"id":"i3mr2jp029gm85l","previousOperationId":"e5zkj67pogxy9e5"}
{"type":"log","timestamp":1764695063063,"level":"debug","message":"pdf-utils postprocess end","meta":{"rootId":"9pxcxuhtc3i14vs","id":"9pxcxuhtc3i14vs"},"id":"508rod6ydrivpah","previousOperationId":"e5zkj67pogxy9e5"}
{"type":"operationEnd","operationId":"ue1podzd6b5hm8o","timestamp":1764695063063,"id":"v40lfeik21w6lnn","previousEventId":"nn8azvsylpe6xkm","previousOperationId":"e5zkj67pogxy9e5"}
{"type":"log","timestamp":1764695063065,"level":"info","message":"pdf-utils pdf processing was finished","meta":{"rootId":"9pxcxuhtc3i14vs","id":"9pxcxuhtc3i14vs"},"id":"lq17o0ywhsu1red","previousOperationId":"ue1podzd6b5hm8o"}
{"type":"log","timestamp":1764695063065,"level":"debug","message":"Skipping storing report.","meta":{"rootId":"9pxcxuhtc3i14vs","id":"9pxcxuhtc3i14vs"},"id":"vckfa95p6vd96r3","previousOperationId":"ue1podzd6b5hm8o"}
{"type":"log","timestamp":1764695063065,"level":"info","message":"Rendering request 13 finished in 611 ms","meta":{"rootId":"9pxcxuhtc3i14vs","id":"9pxcxuhtc3i14vs"},"id":"8ouz2efo170citp","previousOperationId":"ue1podzd6b5hm8o"}
{"type":"operationEnd","subtype":"render","operationId":"9mwq94vsxexvu9g","timestamp":1764695063066,"id":"b8os70kodys46yi","previousEventId":"v40lfeik21w6lnn","previousOperationId":"ue1podzd6b5hm8o"}
{"type":"operationEnd","doDiffs":false,"previousEventId":"37nnf9yx6mpb58i","previousOperationId":"z6mlxpvfi9vcvt8","operationId":"z6mlxpvfi9vcvt8","timestamp":1764695063069,"id":"qpl7871rsnjd29e"}
