{"type":"operationStart","subtype":"profile","data":{"_id":"14ZN99B84lIJT4BG","timestamp":"2025-12-02T17:02:02.426Z","state":"queued","mode":"standard","creationDate":"2025-12-02T17:02:02.428Z","modificationDate":"2025-12-02T17:02:02.428Z","shortid":"mOw82BU","$entitySet":"profiles"},"doDiffs":false,"timestamp":1764694922427,"id":"eb51jzo1i30lpub","previousOperationId":null,"operationId":"4xk91ftygc3nv8v"}
{"type":"log","level":"info","message":"Render request 10 queued for execution and waiting for available worker","previousOperationId":"4xk91ftygc3nv8v","timestamp":1764694922427,"id":"h5681dzk21jlapx"}
{"type":"operationStart","subtype":"render","name":"achills","previousOperationId":"4xk91ftygc3nv8v","timestamp":1764694922435,"id":"m29d0htfz8xqdj4","previousEventId":"eb51jzo1i30lpub","operationId":"ixo45dvdp773ew0"}
{"type":"log","timestamp":1764694922435,"level":"info","message":"Starting rendering request 10","meta":{"rootId":"o9djj7hmhhyg8f7","id":"o9djj7hmhhyg8f7"},"id":"9arrwsqsw7ypmp7","previousOperationId":"ixo45dvdp773ew0"}
{"type":"log","timestamp":1764694922435,"level":"info","message":"Rendering template { name: achills, recipe: chrome-pdf, engine: handlebars, preview: true }","meta":{"rootId":"o9djj7hmhhyg8f7","id":"o9djj7hmhhyg8f7"},"id":"t337sryilez4av8","previousOperationId":"ixo45dvdp773ew0"}
{"type":"log","timestamp":1764694922436,"level":"debug","message":"Adding sample data 2gs0fIjmb","meta":{"rootId":"o9djj7hmhhyg8f7","id":"o9djj7hmhhyg8f7"},"id":"taf45rl7zo0tbs2","previousOperationId":"ixo45dvdp773ew0"}
{"type":"log","timestamp":1764694922437,"level":"debug","message":"Base url not specified, skipping its injection.","meta":{"rootId":"o9djj7hmhhyg8f7","id":"o9djj7hmhhyg8f7"},"id":"5tv4dijcviyjamy","previousOperationId":"ixo45dvdp773ew0"}
{"type":"operationStart","subtype":"engine","name":"handlebars","timestamp":1764694922437,"id":"gh32h4t9ms0kyex","previousEventId":"m29d0htfz8xqdj4","operationId":"lunlgih9femkh3k","previousOperationId":"ixo45dvdp773ew0"}
{"type":"log","timestamp":1764694922437,"level":"debug","message":"Rendering engine handlebars","meta":{"rootId":"o9djj7hmhhyg8f7","id":"o9djj7hmhhyg8f7"},"id":"43otpv2axbm547r","previousOperationId":"lunlgih9femkh3k"}
{"type":"operationEnd","operationId":"lunlgih9femkh3k","timestamp":1764694922443,"id":"v6zkwdehcz70kts","previousEventId":"gh32h4t9ms0kyex","previousOperationId":"lunlgih9femkh3k"}
{"type":"operationStart","subtype":"recipe","name":"chrome-pdf","timestamp":1764694922444,"id":"r1l6lx7wqz5qfwt","previousEventId":"v6zkwdehcz70kts","operationId":"50owlvv9wwhk5y1","previousOperationId":"lunlgih9femkh3k"}
{"type":"log","timestamp":1764694922444,"level":"debug","message":"Executing recipe chrome-pdf","meta":{"rootId":"o9djj7hmhhyg8f7","id":"o9djj7hmhhyg8f7"},"id":"yff3ln1obaoyz3g","previousOperationId":"50owlvv9wwhk5y1"}
{"type":"log","timestamp":1764694922446,"level":"debug","message":"Converting with chrome Chrome/138.0.7204.168 using chrome-pool strategy","meta":{"rootId":"o9djj7hmhhyg8f7","id":"o9djj7hmhhyg8f7"},"id":"vi8cs7a7dk05euh","previousOperationId":"50owlvv9wwhk5y1"}
{"type":"log","timestamp":1764694922500,"level":"debug","message":"Page request: GET (document) file:///C:/Users/siste/AppData/Local/Temp/jsreport/autocleanup/544566da-5be4-4055-a85d-935201d9f2c6-chrome-pdf.html","meta":{"rootId":"o9djj7hmhhyg8f7","id":"o9djj7hmhhyg8f7"},"id":"inhu3cmcha971ve","previousOperationId":"50owlvv9wwhk5y1"}
{"type":"log","timestamp":1764694922523,"level":"debug","message":"Page request finished: GET (document) 200 file:///C:/Users/siste/AppData/Local/Temp/jsreport/autocleanup/544566da-5be4-4055-a85d-935201d9f2c6-chrome-pdf.html","meta":{"rootId":"o9djj7hmhhyg8f7","id":"o9djj7hmhhyg8f7"},"id":"0gz8uvr3cwf31ky","previousOperationId":"50owlvv9wwhk5y1"}
{"type":"log","timestamp":1764694922533,"level":"debug","message":"Running chrome with params {\"printBackground\":true,\"marginTop\":\"2cm\",\"marginBottom\":\"2cm\",\"timeout\":59980,\"margin\":{\"top\":\"2cm\",\"bottom\":\"2cm\"}}","meta":{"rootId":"o9djj7hmhhyg8f7","id":"o9djj7hmhhyg8f7"},"id":"vdyfdnpe71jepqp","previousOperationId":"50owlvv9wwhk5y1"}
{"type":"operationEnd","operationId":"50owlvv9wwhk5y1","timestamp":1764694922610,"id":"es5ko2asau4h3m5","previousEventId":"r1l6lx7wqz5qfwt","previousOperationId":"50owlvv9wwhk5y1"}
{"type":"log","timestamp":1764694922610,"level":"info","message":"pdf-utils is starting pdf processing","meta":{"rootId":"o9djj7hmhhyg8f7","id":"o9djj7hmhhyg8f7"},"id":"ob1q5vj6q7pmkev","previousOperationId":"50owlvv9wwhk5y1"}
{"type":"operationStart","subtype":"pdfUtils","name":"pdf utils","timestamp":1764694922611,"id":"ltugij9hvcx0h8h","previousEventId":"es5ko2asau4h3m5","operationId":"jmqjj31u2j5uuec","previousOperationId":"50owlvv9wwhk5y1"}
{"type":"log","timestamp":1764694922611,"level":"debug","message":"pdf-utils detected 1 pdf operation(s) to process","meta":{"rootId":"o9djj7hmhhyg8f7","id":"o9djj7hmhhyg8f7"},"id":"ca6tjr95416ey07","previousOperationId":"jmqjj31u2j5uuec"}
{"type":"log","timestamp":1764694922613,"level":"debug","message":"pdf-utils running pdf operation merge","meta":{"rootId":"o9djj7hmhhyg8f7","id":"o9djj7hmhhyg8f7"},"id":"7bams9zmz4k8rxh","previousOperationId":"jmqjj31u2j5uuec"}
{"type":"operationStart","subtype":"pdfUtilsMerge","name":"pdf utils merge","previousOperationId":"jmqjj31u2j5uuec","timestamp":1764694922613,"id":"f0k9naanw2829qy","previousEventId":"ltugij9hvcx0h8h","operationId":"dy6s3pfqf03l32j"}
{"type":"operationStart","subtype":"render","name":"header","previousOperationId":"dy6s3pfqf03l32j","timestamp":1764694922614,"id":"gt6jlr3a1734vs7","previousEventId":"f0k9naanw2829qy","operationId":"scf7q1kpcas52vn"}
{"type":"log","timestamp":1764694922614,"level":"info","message":"Starting rendering (child) request","meta":{"rootId":"o9djj7hmhhyg8f7","id":"w8ikjxmviokudle"},"id":"m9zktkcjnsi6hp3","previousOperationId":"scf7q1kpcas52vn"}
{"type":"log","timestamp":1764694922614,"level":"info","message":"Rendering template { name: header, recipe: chrome-pdf, engine: handlebars, preview: true }","meta":{"rootId":"o9djj7hmhhyg8f7","id":"w8ikjxmviokudle"},"id":"ew930y4dimcojke","previousOperationId":"scf7q1kpcas52vn"}
{"type":"log","timestamp":1764694922614,"level":"debug","message":"Inline data specified.","meta":{"rootId":"o9djj7hmhhyg8f7","id":"w8ikjxmviokudle"},"id":"9jm61mejus1xvfa","previousOperationId":"scf7q1kpcas52vn"}
{"type":"log","timestamp":1764694922615,"level":"debug","message":"Base url not specified, skipping its injection.","meta":{"rootId":"o9djj7hmhhyg8f7","id":"w8ikjxmviokudle"},"id":"gr9m6xx5bxcsvrg","previousOperationId":"scf7q1kpcas52vn"}
{"type":"operationStart","subtype":"engine","name":"handlebars","timestamp":1764694922615,"id":"280p8adi1d1qraa","previousEventId":"gt6jlr3a1734vs7","operationId":"y9xvkp6mnrg31aa","previousOperationId":"scf7q1kpcas52vn"}
{"type":"log","timestamp":1764694922615,"level":"debug","message":"Rendering engine handlebars","meta":{"rootId":"o9djj7hmhhyg8f7","id":"w8ikjxmviokudle"},"id":"n8un3vlwwvrbazn","previousOperationId":"y9xvkp6mnrg31aa"}
{"type":"operationEnd","operationId":"y9xvkp6mnrg31aa","timestamp":1764694922630,"id":"k6tcw3kdat8s5uy","previousEventId":"280p8adi1d1qraa","previousOperationId":"y9xvkp6mnrg31aa"}
{"type":"operationStart","subtype":"recipe","name":"chrome-pdf","timestamp":1764694922631,"id":"3wpc4y1rpz5syte","previousEventId":"k6tcw3kdat8s5uy","operationId":"20wy7q1jn8j6ddu","previousOperationId":"y9xvkp6mnrg31aa"}
{"type":"log","timestamp":1764694922631,"level":"debug","message":"Executing recipe chrome-pdf","meta":{"rootId":"o9djj7hmhhyg8f7","id":"w8ikjxmviokudle"},"id":"k8a3srq063gxmc5","previousOperationId":"20wy7q1jn8j6ddu"}
{"type":"log","timestamp":1764694922633,"level":"debug","message":"Converting with chrome Chrome/138.0.7204.168 using chrome-pool strategy","meta":{"rootId":"o9djj7hmhhyg8f7","id":"w8ikjxmviokudle"},"id":"d6fw667jesclcqb","previousOperationId":"20wy7q1jn8j6ddu"}
{"type":"log","timestamp":1764694922691,"level":"debug","message":"Page request: GET (document) file:///C:/Users/siste/AppData/Local/Temp/jsreport/autocleanup/226d96cd-fdff-410d-86e2-781775fe58f3-chrome-pdf.html","meta":{"rootId":"o9djj7hmhhyg8f7","id":"w8ikjxmviokudle"},"id":"3zzv6s3vlwlw2db","previousOperationId":"20wy7q1jn8j6ddu"}
{"type":"log","timestamp":1764694922714,"level":"debug","message":"Page request finished: GET (document) 200 file:///C:/Users/siste/AppData/Local/Temp/jsreport/autocleanup/226d96cd-fdff-410d-86e2-781775fe58f3-chrome-pdf.html","meta":{"rootId":"o9djj7hmhhyg8f7","id":"w8ikjxmviokudle"},"id":"grew75hc7h71bfe","previousOperationId":"20wy7q1jn8j6ddu"}
{"type":"log","timestamp":1764694922722,"level":"debug","message":"Running chrome with params {\"timeout\":59793,\"margin\":{},\"printBackground\":true}","meta":{"rootId":"o9djj7hmhhyg8f7","id":"w8ikjxmviokudle"},"id":"vu8ja4mqrvzazu0","previousOperationId":"20wy7q1jn8j6ddu"}
{"type":"operationEnd","operationId":"20wy7q1jn8j6ddu","timestamp":1764694922829,"id":"crbi4f0busxtnz9","previousEventId":"3wpc4y1rpz5syte","previousOperationId":"20wy7q1jn8j6ddu"}
{"type":"log","timestamp":1764694922829,"level":"debug","message":"Skipping storing report.","meta":{"rootId":"o9djj7hmhhyg8f7","id":"w8ikjxmviokudle"},"id":"stoxbfzfu92i0lb","previousOperationId":"20wy7q1jn8j6ddu"}
{"type":"log","timestamp":1764694922830,"level":"info","message":"Rendering (child) request finished in 405 ms","meta":{"rootId":"o9djj7hmhhyg8f7","id":"w8ikjxmviokudle"},"id":"jnql7glnznrm22o","previousOperationId":"20wy7q1jn8j6ddu"}
{"type":"operationEnd","subtype":"render","operationId":"scf7q1kpcas52vn","timestamp":1764694922830,"id":"a2428xm626q8uk8","previousEventId":"crbi4f0busxtnz9","previousOperationId":"20wy7q1jn8j6ddu"}
{"type":"operationEnd","operationId":"dy6s3pfqf03l32j","timestamp":1764694922837,"id":"zw6v8swm81ukhn0","previousEventId":"f0k9naanw2829qy","previousOperationId":"dy6s3pfqf03l32j"}
{"type":"log","timestamp":1764694922838,"level":"debug","message":"pdf-utils postprocess start","meta":{"rootId":"o9djj7hmhhyg8f7","id":"o9djj7hmhhyg8f7"},"id":"gr22xoai64crnte","previousOperationId":"dy6s3pfqf03l32j"}
{"type":"log","timestamp":1764694922845,"level":"debug","message":"pdf-utils postprocess end","meta":{"rootId":"o9djj7hmhhyg8f7","id":"o9djj7hmhhyg8f7"},"id":"18ffrmn6z9m7md6","previousOperationId":"dy6s3pfqf03l32j"}
{"type":"operationEnd","operationId":"jmqjj31u2j5uuec","timestamp":1764694922845,"id":"0kmx06ycjcjgx4i","previousEventId":"zw6v8swm81ukhn0","previousOperationId":"dy6s3pfqf03l32j"}
{"type":"log","timestamp":1764694922846,"level":"info","message":"pdf-utils pdf processing was finished","meta":{"rootId":"o9djj7hmhhyg8f7","id":"o9djj7hmhhyg8f7"},"id":"uy99vnqz2myean5","previousOperationId":"jmqjj31u2j5uuec"}
{"type":"log","timestamp":1764694922846,"level":"debug","message":"Skipping storing report.","meta":{"rootId":"o9djj7hmhhyg8f7","id":"o9djj7hmhhyg8f7"},"id":"z62itp0ovm5lrty","previousOperationId":"jmqjj31u2j5uuec"}
{"type":"log","timestamp":1764694922846,"level":"info","message":"Rendering request 10 finished in 421 ms","meta":{"rootId":"o9djj7hmhhyg8f7","id":"o9djj7hmhhyg8f7"},"id":"b8nngeqfd9qkrss","previousOperationId":"jmqjj31u2j5uuec"}
{"type":"operationEnd","subtype":"render","operationId":"ixo45dvdp773ew0","timestamp":1764694922846,"id":"chpj9lmwef5ze83","previousEventId":"0kmx06ycjcjgx4i","previousOperationId":"jmqjj31u2j5uuec"}
{"type":"operationEnd","doDiffs":false,"previousEventId":"eb51jzo1i30lpub","previousOperationId":"4xk91ftygc3nv8v","operationId":"4xk91ftygc3nv8v","timestamp":1764694922852,"id":"1tm9cg1t5ki5rs3"}
