{"type":"operationStart","subtype":"profile","data":{"_id":"2NqGLGCTogyYoLdQ","timestamp":"2025-12-02T16:58:32.056Z","state":"queued","mode":"standard","creationDate":"2025-12-02T16:58:32.058Z","modificationDate":"2025-12-02T16:58:32.058Z","shortid":"Zrs44H3","$entitySet":"profiles"},"doDiffs":false,"timestamp":1764694712057,"id":"dfcd6gdehjdxv9u","previousOperationId":null,"operationId":"2mcwqh1elzzah1x"}
{"type":"log","level":"info","message":"Render request 8 queued for execution and waiting for available worker","previousOperationId":"2mcwqh1elzzah1x","timestamp":1764694712057,"id":"6ydhn3p7x9vy0dk"}
{"type":"operationStart","subtype":"render","name":"achills","previousOperationId":"2mcwqh1elzzah1x","timestamp":1764694712065,"id":"zbrkzafz5xhf34x","previousEventId":"dfcd6gdehjdxv9u","operationId":"fibv5g2jzj62ihs"}
{"type":"log","timestamp":1764694712065,"level":"info","message":"Starting rendering request 8","meta":{"rootId":"x12pii8f9shutxj","id":"x12pii8f9shutxj"},"id":"ij1g10k3u579s4r","previousOperationId":"fibv5g2jzj62ihs"}
{"type":"log","timestamp":1764694712065,"level":"info","message":"Rendering template { name: achills, recipe: chrome-pdf, engine: handlebars, preview: true }","meta":{"rootId":"x12pii8f9shutxj","id":"x12pii8f9shutxj"},"id":"4ir2r7xbwxtobyb","previousOperationId":"fibv5g2jzj62ihs"}
{"type":"log","timestamp":1764694712066,"level":"debug","message":"Adding sample data 2gs0fIjmb","meta":{"rootId":"x12pii8f9shutxj","id":"x12pii8f9shutxj"},"id":"1wi35rcgm9fd3qs","previousOperationId":"fibv5g2jzj62ihs"}
{"type":"log","timestamp":1764694712066,"level":"debug","message":"Base url not specified, skipping its injection.","meta":{"rootId":"x12pii8f9shutxj","id":"x12pii8f9shutxj"},"id":"9kuw5uprxq36rv2","previousOperationId":"fibv5g2jzj62ihs"}
{"type":"operationStart","subtype":"engine","name":"handlebars","timestamp":1764694712066,"id":"d1q08hoehojtcb8","previousEventId":"zbrkzafz5xhf34x","operationId":"wwtfnqjzsnk6kxd","previousOperationId":"fibv5g2jzj62ihs"}
{"type":"log","timestamp":1764694712066,"level":"debug","message":"Rendering engine handlebars","meta":{"rootId":"x12pii8f9shutxj","id":"x12pii8f9shutxj"},"id":"c8uxmhzj6l0l3wz","previousOperationId":"wwtfnqjzsnk6kxd"}
{"type":"operationEnd","operationId":"wwtfnqjzsnk6kxd","timestamp":1764694712073,"id":"fupq0c53hf0x9wn","previousEventId":"d1q08hoehojtcb8","previousOperationId":"wwtfnqjzsnk6kxd"}
{"type":"operationStart","subtype":"recipe","name":"chrome-pdf","timestamp":1764694712073,"id":"lwbyf7nw9421qnr","previousEventId":"fupq0c53hf0x9wn","operationId":"h9ybv6pf84xiqi6","previousOperationId":"wwtfnqjzsnk6kxd"}
{"type":"log","timestamp":1764694712073,"level":"debug","message":"Executing recipe chrome-pdf","meta":{"rootId":"x12pii8f9shutxj","id":"x12pii8f9shutxj"},"id":"znqu0ehbs4nc73j","previousOperationId":"h9ybv6pf84xiqi6"}
{"type":"log","timestamp":1764694712075,"level":"debug","message":"Converting with chrome Chrome/138.0.7204.168 using chrome-pool strategy","meta":{"rootId":"x12pii8f9shutxj","id":"x12pii8f9shutxj"},"id":"tjsgkcb06f39na1","previousOperationId":"h9ybv6pf84xiqi6"}
{"type":"log","timestamp":1764694712132,"level":"debug","message":"Page request: GET (document) file:///C:/Users/siste/AppData/Local/Temp/jsreport/autocleanup/542d8a3f-5098-4417-8302-bf9ede39a83c-chrome-pdf.html","meta":{"rootId":"x12pii8f9shutxj","id":"x12pii8f9shutxj"},"id":"xogtxpptkv0im5h","previousOperationId":"h9ybv6pf84xiqi6"}
{"type":"log","timestamp":1764694712151,"level":"debug","message":"Page request finished: GET (document) 200 file:///C:/Users/siste/AppData/Local/Temp/jsreport/autocleanup/542d8a3f-5098-4417-8302-bf9ede39a83c-chrome-pdf.html","meta":{"rootId":"x12pii8f9shutxj","id":"x12pii8f9shutxj"},"id":"kery12mjfniqmm8","previousOperationId":"h9ybv6pf84xiqi6"}
{"type":"log","timestamp":1764694712153,"level":"debug","message":"Running chrome with params {\"printBackground\":true,\"marginTop\":\"2cm\",\"marginBottom\":\"2cm\",\"timeout\":59982,\"margin\":{\"top\":\"2cm\",\"bottom\":\"2cm\"}}","meta":{"rootId":"x12pii8f9shutxj","id":"x12pii8f9shutxj"},"id":"2ltj3braui9twth","previousOperationId":"h9ybv6pf84xiqi6"}
{"type":"operationEnd","operationId":"h9ybv6pf84xiqi6","timestamp":1764694712234,"id":"8gejw6a91b417d7","previousEventId":"lwbyf7nw9421qnr","previousOperationId":"h9ybv6pf84xiqi6"}
{"type":"log","timestamp":1764694712234,"level":"info","message":"pdf-utils is starting pdf processing","meta":{"rootId":"x12pii8f9shutxj","id":"x12pii8f9shutxj"},"id":"wsen02y4zz62sas","previousOperationId":"h9ybv6pf84xiqi6"}
{"type":"operationStart","subtype":"pdfUtils","name":"pdf utils","timestamp":1764694712441,"id":"vyz736pkjxskdku","previousEventId":"8gejw6a91b417d7","operationId":"syaut5nxiopbv9o","previousOperationId":"h9ybv6pf84xiqi6"}
{"type":"log","timestamp":1764694712441,"level":"debug","message":"pdf-utils detected 1 pdf operation(s) to process","meta":{"rootId":"x12pii8f9shutxj","id":"x12pii8f9shutxj"},"id":"5u664fxxzlorkq5","previousOperationId":"syaut5nxiopbv9o"}
{"type":"log","timestamp":1764694712448,"level":"debug","message":"pdf-utils running pdf operation merge","meta":{"rootId":"x12pii8f9shutxj","id":"x12pii8f9shutxj"},"id":"chv5c2o9smbmigk","previousOperationId":"syaut5nxiopbv9o"}
{"type":"operationStart","subtype":"pdfUtilsMerge","name":"pdf utils merge","previousOperationId":"syaut5nxiopbv9o","timestamp":1764694712448,"id":"d23ylohswdrgbbf","previousEventId":"vyz736pkjxskdku","operationId":"uy63y1pmsgnfu0k"}
{"type":"operationStart","subtype":"render","name":"header","previousOperationId":"uy63y1pmsgnfu0k","timestamp":1764694712449,"id":"9mea291b5vek8xp","previousEventId":"d23ylohswdrgbbf","operationId":"606dpk3llyvo0y5"}
{"type":"log","timestamp":1764694712449,"level":"info","message":"Starting rendering (child) request","meta":{"rootId":"x12pii8f9shutxj","id":"k18atss68yqd3lg"},"id":"le0osyljzur038j","previousOperationId":"606dpk3llyvo0y5"}
{"type":"log","timestamp":1764694712450,"level":"info","message":"Rendering template { name: header, recipe: chrome-pdf, engine: handlebars, preview: true }","meta":{"rootId":"x12pii8f9shutxj","id":"k18atss68yqd3lg"},"id":"n9jjfi8nu5a1hae","previousOperationId":"606dpk3llyvo0y5"}
{"type":"log","timestamp":1764694712450,"level":"debug","message":"Inline data specified.","meta":{"rootId":"x12pii8f9shutxj","id":"k18atss68yqd3lg"},"id":"u5kznqmq06pvtbm","previousOperationId":"606dpk3llyvo0y5"}
{"type":"log","timestamp":1764694712453,"level":"debug","message":"Base url not specified, skipping its injection.","meta":{"rootId":"x12pii8f9shutxj","id":"k18atss68yqd3lg"},"id":"zlwpj0vwoh6zku1","previousOperationId":"606dpk3llyvo0y5"}
{"type":"operationStart","subtype":"engine","name":"handlebars","timestamp":1764694712453,"id":"i5g7q0dfzrjpnik","previousEventId":"9mea291b5vek8xp","operationId":"jpqoc8lu4y5yada","previousOperationId":"606dpk3llyvo0y5"}
{"type":"log","timestamp":1764694712453,"level":"debug","message":"Rendering engine handlebars","meta":{"rootId":"x12pii8f9shutxj","id":"k18atss68yqd3lg"},"id":"2pv39q4dh84u6t5","previousOperationId":"jpqoc8lu4y5yada"}
{"type":"operationEnd","operationId":"jpqoc8lu4y5yada","timestamp":1764694712460,"id":"iv5ll1o6gs6lxh7","previousEventId":"i5g7q0dfzrjpnik","previousOperationId":"jpqoc8lu4y5yada"}
{"type":"operationStart","subtype":"recipe","name":"chrome-pdf","timestamp":1764694712460,"id":"11bz9q75qpukhba","previousEventId":"iv5ll1o6gs6lxh7","operationId":"ep7zo3n6u9xl21j","previousOperationId":"jpqoc8lu4y5yada"}
{"type":"log","timestamp":1764694712460,"level":"debug","message":"Executing recipe chrome-pdf","meta":{"rootId":"x12pii8f9shutxj","id":"k18atss68yqd3lg"},"id":"4i1o22yl3xr0mvm","previousOperationId":"ep7zo3n6u9xl21j"}
{"type":"log","timestamp":1764694712462,"level":"debug","message":"Converting with chrome Chrome/138.0.7204.168 using chrome-pool strategy","meta":{"rootId":"x12pii8f9shutxj","id":"k18atss68yqd3lg"},"id":"py53dyux5rwmdhu","previousOperationId":"ep7zo3n6u9xl21j"}
{"type":"log","timestamp":1764694712515,"level":"debug","message":"Page request: GET (document) file:///C:/Users/siste/AppData/Local/Temp/jsreport/autocleanup/85389376-cee3-4f6b-8bf2-36305fbb2e1e-chrome-pdf.html","meta":{"rootId":"x12pii8f9shutxj","id":"k18atss68yqd3lg"},"id":"0p86b0ks6mzfx7x","previousOperationId":"ep7zo3n6u9xl21j"}
{"type":"log","timestamp":1764694712532,"level":"debug","message":"Page request finished: GET (document) 200 file:///C:/Users/siste/AppData/Local/Temp/jsreport/autocleanup/85389376-cee3-4f6b-8bf2-36305fbb2e1e-chrome-pdf.html","meta":{"rootId":"x12pii8f9shutxj","id":"k18atss68yqd3lg"},"id":"0vmv0i95z5crdz1","previousOperationId":"ep7zo3n6u9xl21j"}
{"type":"log","timestamp":1764694712535,"level":"debug","message":"Running chrome with params {\"timeout\":59595,\"margin\":{},\"printBackground\":true}","meta":{"rootId":"x12pii8f9shutxj","id":"k18atss68yqd3lg"},"id":"q3hkg0skxvt0jqi","previousOperationId":"ep7zo3n6u9xl21j"}
{"type":"operationEnd","operationId":"ep7zo3n6u9xl21j","timestamp":1764694712625,"id":"n4jkeg3gjynla72","previousEventId":"11bz9q75qpukhba","previousOperationId":"ep7zo3n6u9xl21j"}
{"type":"log","timestamp":1764694712625,"level":"debug","message":"Skipping storing report.","meta":{"rootId":"x12pii8f9shutxj","id":"k18atss68yqd3lg"},"id":"rgve2yi57fd42nm","previousOperationId":"ep7zo3n6u9xl21j"}
{"type":"log","timestamp":1764694712625,"level":"info","message":"Rendering (child) request finished in 569 ms","meta":{"rootId":"x12pii8f9shutxj","id":"k18atss68yqd3lg"},"id":"2frqwrdz1h1vysl","previousOperationId":"ep7zo3n6u9xl21j"}
{"type":"operationEnd","subtype":"render","operationId":"606dpk3llyvo0y5","timestamp":1764694712625,"id":"9s1rg1fxc43rsxx","previousEventId":"n4jkeg3gjynla72","previousOperationId":"ep7zo3n6u9xl21j"}
{"type":"operationEnd","operationId":"uy63y1pmsgnfu0k","timestamp":1764694712634,"id":"pfy15gkmx88ol3c","previousEventId":"d23ylohswdrgbbf","previousOperationId":"uy63y1pmsgnfu0k"}
{"type":"log","timestamp":1764694712635,"level":"debug","message":"pdf-utils postprocess start","meta":{"rootId":"x12pii8f9shutxj","id":"x12pii8f9shutxj"},"id":"syp930urn1u6del","previousOperationId":"uy63y1pmsgnfu0k"}
{"type":"log","timestamp":1764694712642,"level":"debug","message":"pdf-utils postprocess end","meta":{"rootId":"x12pii8f9shutxj","id":"x12pii8f9shutxj"},"id":"ry5tkz3fj378fb9","previousOperationId":"uy63y1pmsgnfu0k"}
{"type":"operationEnd","operationId":"syaut5nxiopbv9o","timestamp":1764694712642,"id":"de5wrf4n89its64","previousEventId":"pfy15gkmx88ol3c","previousOperationId":"uy63y1pmsgnfu0k"}
{"type":"log","timestamp":1764694712644,"level":"info","message":"pdf-utils pdf processing was finished","meta":{"rootId":"x12pii8f9shutxj","id":"x12pii8f9shutxj"},"id":"bl7atusxx46z9pn","previousOperationId":"syaut5nxiopbv9o"}
{"type":"log","timestamp":1764694712644,"level":"debug","message":"Skipping storing report.","meta":{"rootId":"x12pii8f9shutxj","id":"x12pii8f9shutxj"},"id":"wniw5zvemt5iz0n","previousOperationId":"syaut5nxiopbv9o"}
{"type":"log","timestamp":1764694712644,"level":"info","message":"Rendering request 8 finished in 588 ms","meta":{"rootId":"x12pii8f9shutxj","id":"x12pii8f9shutxj"},"id":"fzt4kkl2jmxmee5","previousOperationId":"syaut5nxiopbv9o"}
{"type":"operationEnd","subtype":"render","operationId":"fibv5g2jzj62ihs","timestamp":1764694712644,"id":"2qusbpeipzfhtiu","previousEventId":"de5wrf4n89its64","previousOperationId":"syaut5nxiopbv9o"}
{"type":"operationEnd","doDiffs":false,"previousEventId":"dfcd6gdehjdxv9u","previousOperationId":"2mcwqh1elzzah1x","operationId":"2mcwqh1elzzah1x","timestamp":1764694712648,"id":"mwgix65jjp7tz1p"}
